[0.842s] DEBUG:colcon:Command line arguments: ['/usr/bin/colcon', 'build']
[0.842s] DEBUG:colcon:Parsed command line arguments: Namespace(allow_overriding=[], ament_cmake_args=None, base_paths=['.'], build_base='build', catkin_cmake_args=None, catkin_skip_building_tests=False, cmake_args=None, cmake_clean_cache=False, cmake_clean_first=False, cmake_force_configure=False, cmake_target=None, cmake_target_skip_unavailable=False, continue_on_error=False, event_handlers=None, executor='parallel', ignore_user_meta=False, install_base='install', log_base=None, log_level=None, main=<bound method BuildVerb.main of <colcon_core.verb.build.BuildVerb object at 0x7f3823767dc0>>, merge_install=False, metas=['./colcon.meta'], packages_above=None, packages_above_and_dependencies=None, packages_above_depth=None, packages_end=None, packages_ignore=None, packages_ignore_regex=None, packages_select=None, packages_select_build_failed=False, packages_select_by_dep=None, packages_select_regex=None, packages_select_test_failures=False, packages_skip=None, packages_skip_build_finished=False, packages_skip_by_dep=None, packages_skip_regex=None, packages_skip_test_passed=False, packages_skip_up_to=None, packages_start=None, packages_up_to=None, packages_up_to_regex=None, parallel_workers=4, paths=None, symlink_install=False, test_result_base=None, verb_extension=<colcon_core.verb.build.BuildVerb object at 0x7f3823767dc0>, verb_name='build', verb_parser=<colcon_defaults.argument_parser.defaults.DefaultArgumentsDecorator object at 0x7f3823774370>)
[0.969s] Level 1:colcon.colcon_core.package_discovery:discover_packages(colcon_meta) check parameters
[0.969s] Level 1:colcon.colcon_core.package_discovery:discover_packages(recursive) check parameters
[0.969s] Level 1:colcon.colcon_core.package_discovery:discover_packages(ignore) check parameters
[0.969s] Level 1:colcon.colcon_core.package_discovery:discover_packages(path) check parameters
[0.969s] Level 1:colcon.colcon_core.package_discovery:discover_packages(colcon_meta) discover
[0.969s] Level 1:colcon.colcon_core.package_discovery:discover_packages(recursive) discover
[0.969s] INFO:colcon.colcon_core.package_discovery:Crawling recursively for packages in '/home/sumukha/lab'
[0.969s] Level 1:colcon.colcon_core.package_identification:_identify(.) by extensions ['ignore', 'ignore_ament_install']
[0.969s] Level 1:colcon.colcon_core.package_identification:_identify(.) by extension 'ignore'
[0.969s] Level 1:colcon.colcon_core.package_identification:_identify(.) by extension 'ignore_ament_install'
[0.970s] Level 1:colcon.colcon_core.package_identification:_identify(.) by extensions ['colcon_pkg']
[0.970s] Level 1:colcon.colcon_core.package_identification:_identify(.) by extension 'colcon_pkg'
[0.970s] Level 1:colcon.colcon_core.package_identification:_identify(.) by extensions ['colcon_meta']
[0.970s] Level 1:colcon.colcon_core.package_identification:_identify(.) by extension 'colcon_meta'
[0.970s] Level 1:colcon.colcon_core.package_identification:_identify(.) by extensions ['ros']
[0.970s] Level 1:colcon.colcon_core.package_identification:_identify(.) by extension 'ros'
[1.068s] Level 1:colcon.colcon_core.package_identification:_identify(.) by extensions ['cmake', 'python']
[1.068s] Level 1:colcon.colcon_core.package_identification:_identify(.) by extension 'cmake'
[1.068s] Level 1:colcon.colcon_core.package_identification:_identify(.) by extension 'python'
[1.069s] Level 1:colcon.colcon_core.package_identification:_identify(.) by extensions ['python_setup_py']
[1.069s] Level 1:colcon.colcon_core.package_identification:_identify(.) by extension 'python_setup_py'
[1.069s] Level 1:colcon.colcon_core.package_identification:_identify(build) by extensions ['ignore', 'ignore_ament_install']
[1.069s] Level 1:colcon.colcon_core.package_identification:_identify(build) by extension 'ignore'
[1.069s] Level 1:colcon.colcon_core.package_identification:_identify(build) ignored
[1.069s] Level 1:colcon.colcon_core.package_identification:_identify(install) by extensions ['ignore', 'ignore_ament_install']
[1.069s] Level 1:colcon.colcon_core.package_identification:_identify(install) by extension 'ignore'
[1.070s] Level 1:colcon.colcon_core.package_identification:_identify(install) ignored
[1.070s] Level 1:colcon.colcon_core.package_identification:_identify(log) by extensions ['ignore', 'ignore_ament_install']
[1.070s] Level 1:colcon.colcon_core.package_identification:_identify(log) by extension 'ignore'
[1.070s] Level 1:colcon.colcon_core.package_identification:_identify(log) ignored
[1.070s] Level 1:colcon.colcon_core.package_identification:_identify(src) by extensions ['ignore', 'ignore_ament_install']
[1.070s] Level 1:colcon.colcon_core.package_identification:_identify(src) by extension 'ignore'
[1.070s] Level 1:colcon.colcon_core.package_identification:_identify(src) by extension 'ignore_ament_install'
[1.070s] Level 1:colcon.colcon_core.package_identification:_identify(src) by extensions ['colcon_pkg']
[1.070s] Level 1:colcon.colcon_core.package_identification:_identify(src) by extension 'colcon_pkg'
[1.070s] Level 1:colcon.colcon_core.package_identification:_identify(src) by extensions ['colcon_meta']
[1.070s] Level 1:colcon.colcon_core.package_identification:_identify(src) by extension 'colcon_meta'
[1.070s] Level 1:colcon.colcon_core.package_identification:_identify(src) by extensions ['ros']
[1.070s] Level 1:colcon.colcon_core.package_identification:_identify(src) by extension 'ros'
[1.070s] Level 1:colcon.colcon_core.package_identification:_identify(src) by extensions ['cmake', 'python']
[1.070s] Level 1:colcon.colcon_core.package_identification:_identify(src) by extension 'cmake'
[1.070s] Level 1:colcon.colcon_core.package_identification:_identify(src) by extension 'python'
[1.071s] Level 1:colcon.colcon_core.package_identification:_identify(src) by extensions ['python_setup_py']
[1.071s] Level 1:colcon.colcon_core.package_identification:_identify(src) by extension 'python_setup_py'
[1.071s] Level 1:colcon.colcon_core.package_identification:_identify(src/lab) by extensions ['ignore', 'ignore_ament_install']
[1.071s] Level 1:colcon.colcon_core.package_identification:_identify(src/lab) by extension 'ignore'
[1.071s] Level 1:colcon.colcon_core.package_identification:_identify(src/lab) by extension 'ignore_ament_install'
[1.071s] Level 1:colcon.colcon_core.package_identification:_identify(src/lab) by extensions ['colcon_pkg']
[1.071s] Level 1:colcon.colcon_core.package_identification:_identify(src/lab) by extension 'colcon_pkg'
[1.071s] Level 1:colcon.colcon_core.package_identification:_identify(src/lab) by extensions ['colcon_meta']
[1.071s] Level 1:colcon.colcon_core.package_identification:_identify(src/lab) by extension 'colcon_meta'
[1.071s] Level 1:colcon.colcon_core.package_identification:_identify(src/lab) by extensions ['ros']
[1.071s] Level 1:colcon.colcon_core.package_identification:_identify(src/lab) by extension 'ros'
[1.080s] DEBUG:colcon.colcon_core.package_identification:Package 'src/lab' with type 'ros.ament_python' and name 'lab'
[1.080s] Level 1:colcon.colcon_core.package_discovery:discover_packages(recursive) using defaults
[1.080s] Level 1:colcon.colcon_core.package_discovery:discover_packages(ignore) discover
[1.081s] Level 1:colcon.colcon_core.package_discovery:discover_packages(ignore) using defaults
[1.081s] Level 1:colcon.colcon_core.package_discovery:discover_packages(path) discover
[1.081s] Level 1:colcon.colcon_core.package_discovery:discover_packages(path) using defaults
[1.150s] Level 1:colcon.colcon_core.package_discovery:discover_packages(prefix_path) check parameters
[1.150s] Level 1:colcon.colcon_core.package_discovery:discover_packages(prefix_path) discover
[1.165s] DEBUG:colcon.colcon_installed_package_information.package_discovery:Found 1 installed packages in /home/sumukha/lab/install
[1.168s] DEBUG:colcon.colcon_installed_package_information.package_discovery:Found 1 installed packages in /home/sumukha/six_arm/install
[1.170s] DEBUG:colcon.colcon_installed_package_information.package_discovery:Found 2 installed packages in /home/sumukha/line_follower_ROS2/install
[1.173s] DEBUG:colcon.colcon_installed_package_information.package_discovery:Found 1 installed packages in /home/sumukha/project/install
[1.176s] DEBUG:colcon.colcon_installed_package_information.package_discovery:Found 0 installed packages in /home/sumukha/colcon_ws/install
[1.179s] DEBUG:colcon.colcon_installed_package_information.package_discovery:Found 7 installed packages in /home/sumukha/ros2_tutorial/install
[1.183s] DEBUG:colcon.colcon_installed_package_information.package_discovery:Found 11 installed packages in /home/sumukha/turtlebot3_ws/install
[1.187s] DEBUG:colcon.colcon_installed_package_information.package_discovery:Found 1 installed packages in /home/sumukha/dev_ws/install
[1.192s] DEBUG:colcon.colcon_installed_package_information.package_discovery:Found 345 installed packages in /opt/ros/foxy
[1.197s] Level 1:colcon.colcon_core.package_discovery:discover_packages(prefix_path) using defaults
[1.465s] Level 5:colcon.colcon_core.verb:set package 'lab' build argument 'cmake_args' from command line to 'None'
[1.466s] Level 5:colcon.colcon_core.verb:set package 'lab' build argument 'cmake_target' from command line to 'None'
[1.466s] Level 5:colcon.colcon_core.verb:set package 'lab' build argument 'cmake_target_skip_unavailable' from command line to 'False'
[1.466s] Level 5:colcon.colcon_core.verb:set package 'lab' build argument 'cmake_clean_cache' from command line to 'False'
[1.466s] Level 5:colcon.colcon_core.verb:set package 'lab' build argument 'cmake_clean_first' from command line to 'False'
[1.466s] Level 5:colcon.colcon_core.verb:set package 'lab' build argument 'cmake_force_configure' from command line to 'False'
[1.466s] Level 5:colcon.colcon_core.verb:set package 'lab' build argument 'ament_cmake_args' from command line to 'None'
[1.466s] Level 5:colcon.colcon_core.verb:set package 'lab' build argument 'catkin_cmake_args' from command line to 'None'
[1.466s] Level 5:colcon.colcon_core.verb:set package 'lab' build argument 'catkin_skip_building_tests' from command line to 'False'
[1.466s] DEBUG:colcon.colcon_core.verb:Building package 'lab' with the following arguments: {'ament_cmake_args': None, 'build_base': '/home/sumukha/lab/build/lab', 'catkin_cmake_args': None, 'catkin_skip_building_tests': False, 'cmake_args': None, 'cmake_clean_cache': False, 'cmake_clean_first': False, 'cmake_force_configure': False, 'cmake_target': None, 'cmake_target_skip_unavailable': False, 'install_base': '/home/sumukha/lab/install/lab', 'merge_install': False, 'path': '/home/sumukha/lab/src/lab', 'symlink_install': False, 'test_result_base': None}
[1.468s] INFO:colcon.colcon_core.executor:Executing jobs using 'parallel' executor
[1.475s] DEBUG:colcon.colcon_parallel_executor.executor.parallel:run_until_complete
[1.476s] INFO:colcon.colcon_ros.task.ament_python.build:Building ROS package in '/home/sumukha/lab/src/lab' with build type 'ament_python'
[1.477s] Level 1:colcon.colcon_core.shell:create_environment_hook('lab', 'ament_prefix_path')
[1.499s] INFO:colcon.colcon_core.plugin_system:Skipping extension 'colcon_core.shell.bat': Not used on non-Windows systems
[1.499s] INFO:colcon.colcon_core.shell:Creating environment hook '/home/sumukha/lab/install/lab/share/lab/hook/ament_prefix_path.ps1'
[1.506s] INFO:colcon.colcon_core.shell:Creating environment descriptor '/home/sumukha/lab/install/lab/share/lab/hook/ament_prefix_path.dsv'
[1.507s] INFO:colcon.colcon_core.shell:Creating environment hook '/home/sumukha/lab/install/lab/share/lab/hook/ament_prefix_path.sh'
[1.512s] INFO:colcon.colcon_core.shell:Skip shell extension 'powershell' for command environment: Not usable outside of PowerShell
[1.512s] DEBUG:colcon.colcon_core.shell:Skip shell extension 'dsv' for command environment
[2.125s] INFO:colcon.colcon_core.task.python.build:Building Python package in '/home/sumukha/lab/src/lab'
[2.129s] INFO:colcon.colcon_core.shell:Skip shell extension 'powershell' for command environment: Not usable outside of PowerShell
[2.129s] DEBUG:colcon.colcon_core.shell:Skip shell extension 'dsv' for command environment
[3.309s] DEBUG:colcon.colcon_core.event_handler.log_command:Invoking command in '/home/sumukha/lab/src/lab': PYTHONPATH=/home/sumukha/lab/build/lab/prefix_override:/home/sumukha/lab/install/lab/lib/python3.8/site-packages:${PYTHONPATH} /usr/bin/python3 setup.py egg_info --egg-base ../../build/lab build --build-base /home/sumukha/lab/build/lab/build install --record /home/sumukha/lab/build/lab/install.log --install-scripts $base/lib/lab --single-version-externally-managed
[4.049s] DEBUG:colcon.colcon_core.event_handler.log_command:Invoked command in '/home/sumukha/lab/src/lab' returned '0': PYTHONPATH=/home/sumukha/lab/build/lab/prefix_override:/home/sumukha/lab/install/lab/lib/python3.8/site-packages:${PYTHONPATH} /usr/bin/python3 setup.py egg_info --egg-base ../../build/lab build --build-base /home/sumukha/lab/build/lab/build install --record /home/sumukha/lab/build/lab/install.log --install-scripts $base/lib/lab --single-version-externally-managed
[4.072s] Level 1:colcon.colcon_core.environment:checking '/home/sumukha/lab/install/lab' for CMake module files
[4.073s] Level 1:colcon.colcon_core.environment:checking '/home/sumukha/lab/install/lab' for CMake config files
[4.077s] Level 1:colcon.colcon_core.environment:checking '/home/sumukha/lab/install/lab/lib'
[4.077s] Level 1:colcon.colcon_core.environment:checking '/home/sumukha/lab/install/lab/bin'
[4.077s] Level 1:colcon.colcon_core.environment:checking '/home/sumukha/lab/install/lab/lib/pkgconfig/lab.pc'
[4.078s] Level 1:colcon.colcon_core.environment:checking '/home/sumukha/lab/install/lab/lib/python3.8/site-packages'
[4.078s] Level 1:colcon.colcon_core.shell:create_environment_hook('lab', 'pythonpath')
[4.087s] INFO:colcon.colcon_core.shell:Creating environment hook '/home/sumukha/lab/install/lab/share/lab/hook/pythonpath.ps1'
[4.089s] INFO:colcon.colcon_core.shell:Creating environment descriptor '/home/sumukha/lab/install/lab/share/lab/hook/pythonpath.dsv'
[4.090s] INFO:colcon.colcon_core.shell:Creating environment hook '/home/sumukha/lab/install/lab/share/lab/hook/pythonpath.sh'
[4.092s] Level 1:colcon.colcon_core.environment:checking '/home/sumukha/lab/install/lab/bin'
[4.092s] Level 1:colcon.colcon_core.environment:create_environment_scripts_only(lab)
[4.096s] INFO:colcon.colcon_core.shell:Creating package script '/home/sumukha/lab/install/lab/share/lab/package.ps1'
[4.099s] INFO:colcon.colcon_core.shell:Creating package descriptor '/home/sumukha/lab/install/lab/share/lab/package.dsv'
[4.102s] INFO:colcon.colcon_core.shell:Creating package script '/home/sumukha/lab/install/lab/share/lab/package.sh'
[4.104s] INFO:colcon.colcon_core.shell:Creating package script '/home/sumukha/lab/install/lab/share/lab/package.bash'
[4.107s] INFO:colcon.colcon_core.shell:Creating package script '/home/sumukha/lab/install/lab/share/lab/package.zsh'
[4.110s] Level 1:colcon.colcon_core.environment:create_file_with_runtime_dependencies(/home/sumukha/lab/install/lab/share/colcon-core/packages/lab)
[4.111s] DEBUG:colcon.colcon_parallel_executor.executor.parallel:closing loop
[4.112s] DEBUG:colcon.colcon_parallel_executor.executor.parallel:loop closed
[4.112s] DEBUG:colcon.colcon_parallel_executor.executor.parallel:run_until_complete finished with '0'
[4.112s] DEBUG:colcon.colcon_core.event_reactor:joining thread
[4.132s] INFO:colcon.colcon_core.plugin_system:Skipping extension 'colcon_notification.desktop_notification.terminal_notifier': Not used on non-Darwin systems
[4.133s] INFO:colcon.colcon_core.plugin_system:Skipping extension 'colcon_notification.desktop_notification.win32': Not used on non-Windows systems
[4.133s] INFO:colcon.colcon_notification.desktop_notification:Sending desktop notification using 'notify2'
[4.224s] DEBUG:colcon.colcon_core.event_reactor:joined thread
[4.227s] INFO:colcon.colcon_core.shell:Creating prefix script '/home/sumukha/lab/install/local_setup.ps1'
[4.231s] INFO:colcon.colcon_core.shell:Creating prefix util module '/home/sumukha/lab/install/_local_setup_util_ps1.py'
[4.237s] INFO:colcon.colcon_core.shell:Creating prefix chain script '/home/sumukha/lab/install/setup.ps1'
[4.244s] INFO:colcon.colcon_core.shell:Creating prefix script '/home/sumukha/lab/install/local_setup.sh'
[4.247s] INFO:colcon.colcon_core.shell:Creating prefix util module '/home/sumukha/lab/install/_local_setup_util_sh.py'
[4.250s] INFO:colcon.colcon_core.shell:Creating prefix chain script '/home/sumukha/lab/install/setup.sh'
[4.259s] INFO:colcon.colcon_core.shell:Creating prefix script '/home/sumukha/lab/install/local_setup.bash'
[4.262s] INFO:colcon.colcon_core.shell:Creating prefix chain script '/home/sumukha/lab/install/setup.bash'
[4.268s] INFO:colcon.colcon_core.shell:Creating prefix script '/home/sumukha/lab/install/local_setup.zsh'
[4.271s] INFO:colcon.colcon_core.shell:Creating prefix chain script '/home/sumukha/lab/install/setup.zsh'
