/home/sumukha/lab/install/lab/lib/python3.8/site-packages/lab/camre_capture.py
/home/sumukha/lab/install/lab/lib/python3.8/site-packages/lab/__init__.py
/home/sumukha/lab/install/lab/lib/python3.8/site-packages/lab/line_follow.py
/home/sumukha/lab/install/lab/lib/python3.8/site-packages/lab/extract_road.py
/home/sumukha/lab/install/lab/lib/python3.8/site-packages/lab/__pycache__/camre_capture.cpython-38.pyc
/home/sumukha/lab/install/lab/lib/python3.8/site-packages/lab/__pycache__/__init__.cpython-38.pyc
/home/sumukha/lab/install/lab/lib/python3.8/site-packages/lab/__pycache__/line_follow.cpython-38.pyc
/home/sumukha/lab/install/lab/lib/python3.8/site-packages/lab/__pycache__/extract_road.cpython-38.pyc
/home/sumukha/lab/install/lab/share/ament_index/resource_index/packages/lab
/home/sumukha/lab/install/lab/share/lab/package.xml
/home/sumukha/lab/install/lab/share/lab/urdf/car.urdf
/home/sumukha/lab/install/lab/share/lab/launch/gazebo.launch.py
/home/sumukha/lab/install/lab/share/lab/meshes
/home/sumukha/lab/install/lab/share/lab/worlds
/home/sumukha/lab/install/lab/share/lab/config
/home/sumukha/lab/install/lab/lib/python3.8/site-packages/lab-0.0.0-py3.8.egg-info/dependency_links.txt
/home/sumukha/lab/install/lab/lib/python3.8/site-packages/lab-0.0.0-py3.8.egg-info/PKG-INFO
/home/sumukha/lab/install/lab/lib/python3.8/site-packages/lab-0.0.0-py3.8.egg-info/top_level.txt
/home/sumukha/lab/install/lab/lib/python3.8/site-packages/lab-0.0.0-py3.8.egg-info/requires.txt
/home/sumukha/lab/install/lab/lib/python3.8/site-packages/lab-0.0.0-py3.8.egg-info/zip-safe
/home/sumukha/lab/install/lab/lib/python3.8/site-packages/lab-0.0.0-py3.8.egg-info/SOURCES.txt
/home/sumukha/lab/install/lab/lib/python3.8/site-packages/lab-0.0.0-py3.8.egg-info/entry_points.txt
/home/sumukha/lab/install/lab/lib/lab/capture
/home/sumukha/lab/install/lab/lib/lab/extract_road
/home/sumukha/lab/install/lab/lib/lab/line_follow
