[0.840s] Invoking command in '/home/sumukha/lab/src/lab': PYTHONPATH=/home/sumukha/lab/build/lab/prefix_override:/home/sumukha/lab/install/lab/lib/python3.8/site-packages:${PYTHONPATH} /usr/bin/python3 setup.py egg_info --egg-base ../../build/lab build --build-base /home/sumukha/lab/build/lab/build install --record /home/sumukha/lab/build/lab/install.log --install-scripts $base/lib/lab --single-version-externally-managed
[1.127s] running egg_info
[1.127s] writing ../../build/lab/lab.egg-info/PKG-INFO
[1.128s] writing dependency_links to ../../build/lab/lab.egg-info/dependency_links.txt
[1.128s] writing entry points to ../../build/lab/lab.egg-info/entry_points.txt
[1.128s] writing requirements to ../../build/lab/lab.egg-info/requires.txt
[1.129s] writing top-level names to ../../build/lab/lab.egg-info/top_level.txt
[1.175s] reading manifest file '../../build/lab/lab.egg-info/SOURCES.txt'
[1.176s] writing manifest file '../../build/lab/lab.egg-info/SOURCES.txt'
[1.176s] running build
[1.177s] running build_py
[1.177s] running install
[1.178s] running install_lib
[1.180s] running install_data
[1.180s] running install_egg_info
[1.182s] removing '/home/sumukha/lab/install/lab/lib/python3.8/site-packages/lab-0.0.0-py3.8.egg-info' (and everything under it)
[1.182s] Copying ../../build/lab/lab.egg-info to /home/sumukha/lab/install/lab/lib/python3.8/site-packages/lab-0.0.0-py3.8.egg-info
[1.183s] running install_scripts
[1.204s] Installing capture script to /home/sumukha/lab/install/lab/lib/lab
[1.205s] writing list of installed files to '/home/sumukha/lab/build/lab/install.log'
[1.246s] Invoked command in '/home/sumukha/lab/src/lab' returned '0': PYTHONPATH=/home/sumukha/lab/build/lab/prefix_override:/home/sumukha/lab/install/lab/lib/python3.8/site-packages:${PYTHONPATH} /usr/bin/python3 setup.py egg_info --egg-base ../../build/lab build --build-base /home/sumukha/lab/build/lab/build install --record /home/sumukha/lab/build/lab/install.log --install-scripts $base/lib/lab --single-version-externally-managed
