running egg_info
writing ../../build/lab/lab.egg-info/PKG-INFO
writing dependency_links to ../../build/lab/lab.egg-info/dependency_links.txt
writing entry points to ../../build/lab/lab.egg-info/entry_points.txt
writing requirements to ../../build/lab/lab.egg-info/requires.txt
writing top-level names to ../../build/lab/lab.egg-info/top_level.txt
reading manifest file '../../build/lab/lab.egg-info/SOURCES.txt'
writing manifest file '../../build/lab/lab.egg-info/SOURCES.txt'
running build
running build_py
running install
running install_lib
running install_data
creating /home/sumukha/lab/install/lab/share/lab/urdf
copying urdf/car.urdf -> /home/sumukha/lab/install/lab/share/lab/urdf
creating /home/sumukha/lab/install/lab/share/lab/launch
copying launch/gazebo.launch.py -> /home/sumukha/lab/install/lab/share/lab/launch
creating /home/sumukha/lab/install/lab/share/lab/meshes
creating /home/sumukha/lab/install/lab/share/lab/worlds
creating /home/sumukha/lab/install/lab/share/lab/config
running install_egg_info
removing '/home/sumukha/lab/install/lab/lib/python3.8/site-packages/lab-0.0.0-py3.8.egg-info' (and everything under it)
Copying ../../build/lab/lab.egg-info to /home/sumukha/lab/install/lab/lib/python3.8/site-packages/lab-0.0.0-py3.8.egg-info
running install_scripts
Installing capture script to /home/sumukha/lab/install/lab/lib/lab
writing list of installed files to '/home/sumukha/lab/build/lab/install.log'
