[0.876s] Invoking command in '/home/sumukha/lab/src/lab': PYTHONPATH=/home/sumukha/lab/build/lab/prefix_override:/home/sumukha/lab/install/lab/lib/python3.8/site-packages:${PYTHONPATH} /usr/bin/python3 setup.py egg_info --egg-base ../../build/lab build --build-base /home/sumukha/lab/build/lab/build install --record /home/sumukha/lab/build/lab/install.log --install-scripts $base/lib/lab --single-version-externally-managed
[1.165s] running egg_info
[1.166s] writing ../../build/lab/lab.egg-info/PKG-INFO
[1.166s] writing dependency_links to ../../build/lab/lab.egg-info/dependency_links.txt
[1.167s] writing entry points to ../../build/lab/lab.egg-info/entry_points.txt
[1.167s] writing requirements to ../../build/lab/lab.egg-info/requires.txt
[1.167s] writing top-level names to ../../build/lab/lab.egg-info/top_level.txt
[1.213s] reading manifest file '../../build/lab/lab.egg-info/SOURCES.txt'
[1.214s] writing manifest file '../../build/lab/lab.egg-info/SOURCES.txt'
[1.214s] running build
[1.214s] running build_py
[1.214s] running install
[1.216s] running install_lib
[1.218s] running install_data
[1.218s] creating /home/sumukha/lab/install/lab/share/lab/urdf
[1.219s] copying urdf/car.urdf -> /home/sumukha/lab/install/lab/share/lab/urdf
[1.219s] creating /home/sumukha/lab/install/lab/share/lab/launch
[1.219s] copying launch/gazebo.launch.py -> /home/sumukha/lab/install/lab/share/lab/launch
[1.219s] creating /home/sumukha/lab/install/lab/share/lab/meshes
[1.219s] creating /home/sumukha/lab/install/lab/share/lab/worlds
[1.219s] creating /home/sumukha/lab/install/lab/share/lab/config
[1.219s] running install_egg_info
[1.221s] removing '/home/sumukha/lab/install/lab/lib/python3.8/site-packages/lab-0.0.0-py3.8.egg-info' (and everything under it)
[1.221s] Copying ../../build/lab/lab.egg-info to /home/sumukha/lab/install/lab/lib/python3.8/site-packages/lab-0.0.0-py3.8.egg-info
[1.222s] running install_scripts
[1.245s] Installing capture script to /home/sumukha/lab/install/lab/lib/lab
[1.246s] writing list of installed files to '/home/sumukha/lab/build/lab/install.log'
[1.287s] Invoked command in '/home/sumukha/lab/src/lab' returned '0': PYTHONPATH=/home/sumukha/lab/build/lab/prefix_override:/home/sumukha/lab/install/lab/lib/python3.8/site-packages:${PYTHONPATH} /usr/bin/python3 setup.py egg_info --egg-base ../../build/lab build --build-base /home/sumukha/lab/build/lab/build install --record /home/sumukha/lab/build/lab/install.log --install-scripts $base/lib/lab --single-version-externally-managed
