[1.832s] Invoking command in '/home/sumukha/lab/src/lab': PYTHONPATH=/home/sumukha/lab/build/lab/prefix_override:/home/sumukha/lab/install/lab/lib/python3.8/site-packages:${PYTHONPATH} /usr/bin/python3 setup.py egg_info --egg-base ../../build/lab build --build-base /home/sumukha/lab/build/lab/build install --record /home/sumukha/lab/build/lab/install.log --install-scripts $base/lib/lab --single-version-externally-managed
[2.272s] running egg_info
[2.276s] writing ../../build/lab/lab.egg-info/PKG-INFO
[2.280s] writing dependency_links to ../../build/lab/lab.egg-info/dependency_links.txt
[2.280s] writing entry points to ../../build/lab/lab.egg-info/entry_points.txt
[2.281s] writing requirements to ../../build/lab/lab.egg-info/requires.txt
[2.281s] writing top-level names to ../../build/lab/lab.egg-info/top_level.txt
[2.355s] reading manifest file '../../build/lab/lab.egg-info/SOURCES.txt'
[2.357s] writing manifest file '../../build/lab/lab.egg-info/SOURCES.txt'
[2.358s] running build
[2.358s] running build_py
[2.361s] copying lab/camre_capture.py -> /home/sumukha/lab/build/lab/build/lib/lab
[2.361s] running install
[2.364s] running install_lib
[2.367s] copying /home/sumukha/lab/build/lab/build/lib/lab/camre_capture.py -> /home/sumukha/lab/install/lab/lib/python3.8/site-packages/lab
[2.369s] byte-compiling /home/sumukha/lab/install/lab/lib/python3.8/site-packages/lab/camre_capture.py to camre_capture.cpython-38.pyc
[2.373s] running install_data
[2.376s] running install_egg_info
[2.380s] removing '/home/sumukha/lab/install/lab/lib/python3.8/site-packages/lab-0.0.0-py3.8.egg-info' (and everything under it)
[2.381s] Copying ../../build/lab/lab.egg-info to /home/sumukha/lab/install/lab/lib/python3.8/site-packages/lab-0.0.0-py3.8.egg-info
[2.382s] running install_scripts
[2.432s] Installing capture script to /home/sumukha/lab/install/lab/lib/lab
[2.433s] writing list of installed files to '/home/sumukha/lab/build/lab/install.log'
[2.572s] Invoked command in '/home/sumukha/lab/src/lab' returned '0': PYTHONPATH=/home/sumukha/lab/build/lab/prefix_override:/home/sumukha/lab/install/lab/lib/python3.8/site-packages:${PYTHONPATH} /usr/bin/python3 setup.py egg_info --egg-base ../../build/lab build --build-base /home/sumukha/lab/build/lab/build install --record /home/sumukha/lab/build/lab/install.log --install-scripts $base/lib/lab --single-version-externally-managed
