running egg_info
creating ../../build/lab/lab.egg-info
writing ../../build/lab/lab.egg-info/PKG-INFO
writing dependency_links to ../../build/lab/lab.egg-info/dependency_links.txt
writing entry points to ../../build/lab/lab.egg-info/entry_points.txt
writing requirements to ../../build/lab/lab.egg-info/requires.txt
writing top-level names to ../../build/lab/lab.egg-info/top_level.txt
writing manifest file '../../build/lab/lab.egg-info/SOURCES.txt'
reading manifest file '../../build/lab/lab.egg-info/SOURCES.txt'
writing manifest file '../../build/lab/lab.egg-info/SOURCES.txt'
running build
running build_py
creating /home/sumukha/lab/build/lab/build
creating /home/sumukha/lab/build/lab/build/lib
creating /home/sumukha/lab/build/lab/build/lib/lab
copying lab/__init__.py -> /home/sumukha/lab/build/lab/build/lib/lab
running install
running install_lib
creating /home/sumukha/lab/install/lab/lib/python3.8/site-packages/lab
copying /home/sumukha/lab/build/lab/build/lib/lab/__init__.py -> /home/sumukha/lab/install/lab/lib/python3.8/site-packages/lab
byte-compiling /home/sumukha/lab/install/lab/lib/python3.8/site-packages/lab/__init__.py to __init__.cpython-38.pyc
running install_data
creating /home/sumukha/lab/install/lab/share/ament_index
creating /home/sumukha/lab/install/lab/share/ament_index/resource_index
creating /home/sumukha/lab/install/lab/share/ament_index/resource_index/packages
copying resource/lab -> /home/sumukha/lab/install/lab/share/ament_index/resource_index/packages
copying package.xml -> /home/sumukha/lab/install/lab/share/lab
running install_egg_info
Copying ../../build/lab/lab.egg-info to /home/sumukha/lab/install/lab/lib/python3.8/site-packages/lab-0.0.0-py3.8.egg-info
running install_scripts
writing list of installed files to '/home/sumukha/lab/build/lab/install.log'
