[0.963s] Invoking command in '/home/sumukha/lab/src/lab': PYTHONPATH=/home/sumukha/lab/build/lab/prefix_override:/home/sumukha/lab/install/lab/lib/python3.8/site-packages:${PYTHONPATH} /usr/bin/python3 setup.py egg_info --egg-base ../../build/lab build --build-base /home/sumukha/lab/build/lab/build install --record /home/sumukha/lab/build/lab/install.log --install-scripts $base/lib/lab --single-version-externally-managed
[1.243s] running egg_info
[1.244s] creating ../../build/lab/lab.egg-info
[1.245s] writing ../../build/lab/lab.egg-info/PKG-INFO
[1.245s] writing dependency_links to ../../build/lab/lab.egg-info/dependency_links.txt
[1.245s] writing entry points to ../../build/lab/lab.egg-info/entry_points.txt
[1.245s] writing requirements to ../../build/lab/lab.egg-info/requires.txt
[1.245s] writing top-level names to ../../build/lab/lab.egg-info/top_level.txt
[1.248s] writing manifest file '../../build/lab/lab.egg-info/SOURCES.txt'
[1.291s] reading manifest file '../../build/lab/lab.egg-info/SOURCES.txt'
[1.292s] writing manifest file '../../build/lab/lab.egg-info/SOURCES.txt'
[1.292s] running build
[1.293s] running build_py
[1.293s] creating /home/sumukha/lab/build/lab/build
[1.293s] creating /home/sumukha/lab/build/lab/build/lib
[1.294s] creating /home/sumukha/lab/build/lab/build/lib/lab
[1.294s] copying lab/__init__.py -> /home/sumukha/lab/build/lab/build/lib/lab
[1.294s] running install
[1.294s] running install_lib
[1.296s] creating /home/sumukha/lab/install/lab/lib/python3.8/site-packages/lab
[1.296s] copying /home/sumukha/lab/build/lab/build/lib/lab/__init__.py -> /home/sumukha/lab/install/lab/lib/python3.8/site-packages/lab
[1.297s] byte-compiling /home/sumukha/lab/install/lab/lib/python3.8/site-packages/lab/__init__.py to __init__.cpython-38.pyc
[1.299s] running install_data
[1.301s] creating /home/sumukha/lab/install/lab/share/ament_index
[1.301s] creating /home/sumukha/lab/install/lab/share/ament_index/resource_index
[1.301s] creating /home/sumukha/lab/install/lab/share/ament_index/resource_index/packages
[1.301s] copying resource/lab -> /home/sumukha/lab/install/lab/share/ament_index/resource_index/packages
[1.301s] copying package.xml -> /home/sumukha/lab/install/lab/share/lab
[1.301s] running install_egg_info
[1.303s] Copying ../../build/lab/lab.egg-info to /home/sumukha/lab/install/lab/lib/python3.8/site-packages/lab-0.0.0-py3.8.egg-info
[1.303s] running install_scripts
[1.324s] writing list of installed files to '/home/sumukha/lab/build/lab/install.log'
[1.365s] Invoked command in '/home/sumukha/lab/src/lab' returned '0': PYTHONPATH=/home/sumukha/lab/build/lab/prefix_override:/home/sumukha/lab/install/lab/lib/python3.8/site-packages:${PYTHONPATH} /usr/bin/python3 setup.py egg_info --egg-base ../../build/lab build --build-base /home/sumukha/lab/build/lab/build install --record /home/sumukha/lab/build/lab/install.log --install-scripts $base/lib/lab --single-version-externally-managed
