[1.283s] Invoking command in '/home/sumukha/lab/src/lab': PYTHONPATH=/home/sumukha/lab/build/lab/prefix_override:/home/sumukha/lab/install/lab/lib/python3.8/site-packages:${PYTHONPATH} /usr/bin/python3 setup.py egg_info --egg-base ../../build/lab build --build-base /home/sumukha/lab/build/lab/build install --record /home/sumukha/lab/build/lab/install.log --install-scripts $base/lib/lab --single-version-externally-managed
[1.589s] running egg_info
[1.589s] writing ../../build/lab/lab.egg-info/PKG-INFO
[1.590s] writing dependency_links to ../../build/lab/lab.egg-info/dependency_links.txt
[1.590s] writing entry points to ../../build/lab/lab.egg-info/entry_points.txt
[1.590s] writing requirements to ../../build/lab/lab.egg-info/requires.txt
[1.591s] writing top-level names to ../../build/lab/lab.egg-info/top_level.txt
[1.643s] reading manifest file '../../build/lab/lab.egg-info/SOURCES.txt'
[1.644s] writing manifest file '../../build/lab/lab.egg-info/SOURCES.txt'
[1.645s] running build
[1.645s] running build_py
[1.646s] running install
[1.646s] running install_lib
[1.649s] running install_data
[1.650s] running install_egg_info
[1.652s] removing '/home/sumukha/lab/install/lab/lib/python3.8/site-packages/lab-0.0.0-py3.8.egg-info' (and everything under it)
[1.653s] Copying ../../build/lab/lab.egg-info to /home/sumukha/lab/install/lab/lib/python3.8/site-packages/lab-0.0.0-py3.8.egg-info
[1.654s] running install_scripts
[1.679s] Installing capture script to /home/sumukha/lab/install/lab/lib/lab
[1.679s] Installing extract_road script to /home/sumukha/lab/install/lab/lib/lab
[1.680s] Installing line_follow script to /home/sumukha/lab/install/lab/lib/lab
[1.697s] writing list of installed files to '/home/sumukha/lab/build/lab/install.log'
[1.734s] Invoked command in '/home/sumukha/lab/src/lab' returned '0': PYTHONPATH=/home/sumukha/lab/build/lab/prefix_override:/home/sumukha/lab/install/lab/lib/python3.8/site-packages:${PYTHONPATH} /usr/bin/python3 setup.py egg_info --egg-base ../../build/lab build --build-base /home/sumukha/lab/build/lab/build install --record /home/sumukha/lab/build/lab/install.log --install-scripts $base/lib/lab --single-version-externally-managed
