[0.433s] DEBUG:colcon:Command line arguments: ['/usr/bin/colcon', 'build']
[0.433s] DEBUG:colcon:Parsed command line arguments: Namespace(allow_overriding=[], ament_cmake_args=None, base_paths=['.'], build_base='build', catkin_cmake_args=None, catkin_skip_building_tests=False, cmake_args=None, cmake_clean_cache=False, cmake_clean_first=False, cmake_force_configure=False, cmake_target=None, cmake_target_skip_unavailable=False, continue_on_error=False, event_handlers=None, executor='parallel', ignore_user_meta=False, install_base='install', log_base=None, log_level=None, main=<bound method BuildVerb.main of <colcon_core.verb.build.BuildVerb object at 0x7f7a2f5760a0>>, merge_install=False, metas=['./colcon.meta'], packages_above=None, packages_above_and_dependencies=None, packages_above_depth=None, packages_end=None, packages_ignore=None, packages_ignore_regex=None, packages_select=None, packages_select_build_failed=False, packages_select_by_dep=None, packages_select_regex=None, packages_select_test_failures=False, packages_skip=None, packages_skip_build_finished=False, packages_skip_by_dep=None, packages_skip_regex=None, packages_skip_test_passed=False, packages_skip_up_to=None, packages_start=None, packages_up_to=None, packages_up_to_regex=None, parallel_workers=4, paths=None, symlink_install=False, test_result_base=None, verb_extension=<colcon_core.verb.build.BuildVerb object at 0x7f7a2f5760a0>, verb_name='build', verb_parser=<colcon_defaults.argument_parser.defaults.DefaultArgumentsDecorator object at 0x7f7a2f5765e0>)
[0.467s] Level 1:colcon.colcon_core.package_discovery:discover_packages(colcon_meta) check parameters
[0.467s] Level 1:colcon.colcon_core.package_discovery:discover_packages(recursive) check parameters
[0.467s] Level 1:colcon.colcon_core.package_discovery:discover_packages(ignore) check parameters
[0.467s] Level 1:colcon.colcon_core.package_discovery:discover_packages(path) check parameters
[0.467s] Level 1:colcon.colcon_core.package_discovery:discover_packages(colcon_meta) discover
[0.467s] Level 1:colcon.colcon_core.package_discovery:discover_packages(recursive) discover
[0.467s] INFO:colcon.colcon_core.package_discovery:Crawling recursively for packages in '/home/sumukha/lab'
[0.467s] Level 1:colcon.colcon_core.package_identification:_identify(.) by extensions ['ignore', 'ignore_ament_install']
[0.468s] Level 1:colcon.colcon_core.package_identification:_identify(.) by extension 'ignore'
[0.468s] Level 1:colcon.colcon_core.package_identification:_identify(.) by extension 'ignore_ament_install'
[0.468s] Level 1:colcon.colcon_core.package_identification:_identify(.) by extensions ['colcon_pkg']
[0.468s] Level 1:colcon.colcon_core.package_identification:_identify(.) by extension 'colcon_pkg'
[0.468s] Level 1:colcon.colcon_core.package_identification:_identify(.) by extensions ['colcon_meta']
[0.468s] Level 1:colcon.colcon_core.package_identification:_identify(.) by extension 'colcon_meta'
[0.468s] Level 1:colcon.colcon_core.package_identification:_identify(.) by extensions ['ros']
[0.468s] Level 1:colcon.colcon_core.package_identification:_identify(.) by extension 'ros'
[0.499s] Level 1:colcon.colcon_core.package_identification:_identify(.) by extensions ['cmake', 'python']
[0.499s] Level 1:colcon.colcon_core.package_identification:_identify(.) by extension 'cmake'
[0.499s] Level 1:colcon.colcon_core.package_identification:_identify(.) by extension 'python'
[0.499s] Level 1:colcon.colcon_core.package_identification:_identify(.) by extensions ['python_setup_py']
[0.499s] Level 1:colcon.colcon_core.package_identification:_identify(.) by extension 'python_setup_py'
[0.499s] Level 1:colcon.colcon_core.package_identification:_identify(build) by extensions ['ignore', 'ignore_ament_install']
[0.499s] Level 1:colcon.colcon_core.package_identification:_identify(build) by extension 'ignore'
[0.499s] Level 1:colcon.colcon_core.package_identification:_identify(build) ignored
[0.499s] Level 1:colcon.colcon_core.package_identification:_identify(install) by extensions ['ignore', 'ignore_ament_install']
[0.500s] Level 1:colcon.colcon_core.package_identification:_identify(install) by extension 'ignore'
[0.500s] Level 1:colcon.colcon_core.package_identification:_identify(install) ignored
[0.500s] Level 1:colcon.colcon_core.package_identification:_identify(log) by extensions ['ignore', 'ignore_ament_install']
[0.500s] Level 1:colcon.colcon_core.package_identification:_identify(log) by extension 'ignore'
[0.500s] Level 1:colcon.colcon_core.package_identification:_identify(log) ignored
[0.500s] Level 1:colcon.colcon_core.package_identification:_identify(src) by extensions ['ignore', 'ignore_ament_install']
[0.500s] Level 1:colcon.colcon_core.package_identification:_identify(src) by extension 'ignore'
[0.500s] Level 1:colcon.colcon_core.package_identification:_identify(src) by extension 'ignore_ament_install'
[0.500s] Level 1:colcon.colcon_core.package_identification:_identify(src) by extensions ['colcon_pkg']
[0.500s] Level 1:colcon.colcon_core.package_identification:_identify(src) by extension 'colcon_pkg'
[0.500s] Level 1:colcon.colcon_core.package_identification:_identify(src) by extensions ['colcon_meta']
[0.500s] Level 1:colcon.colcon_core.package_identification:_identify(src) by extension 'colcon_meta'
[0.500s] Level 1:colcon.colcon_core.package_identification:_identify(src) by extensions ['ros']
[0.500s] Level 1:colcon.colcon_core.package_identification:_identify(src) by extension 'ros'
[0.500s] Level 1:colcon.colcon_core.package_identification:_identify(src) by extensions ['cmake', 'python']
[0.500s] Level 1:colcon.colcon_core.package_identification:_identify(src) by extension 'cmake'
[0.500s] Level 1:colcon.colcon_core.package_identification:_identify(src) by extension 'python'
[0.500s] Level 1:colcon.colcon_core.package_identification:_identify(src) by extensions ['python_setup_py']
[0.500s] Level 1:colcon.colcon_core.package_identification:_identify(src) by extension 'python_setup_py'
[0.501s] Level 1:colcon.colcon_core.package_identification:_identify(src/ball_tracker) by extensions ['ignore', 'ignore_ament_install']
[0.501s] Level 1:colcon.colcon_core.package_identification:_identify(src/ball_tracker) by extension 'ignore'
[0.501s] Level 1:colcon.colcon_core.package_identification:_identify(src/ball_tracker) by extension 'ignore_ament_install'
[0.501s] Level 1:colcon.colcon_core.package_identification:_identify(src/ball_tracker) by extensions ['colcon_pkg']
[0.501s] Level 1:colcon.colcon_core.package_identification:_identify(src/ball_tracker) by extension 'colcon_pkg'
[0.501s] Level 1:colcon.colcon_core.package_identification:_identify(src/ball_tracker) by extensions ['colcon_meta']
[0.501s] Level 1:colcon.colcon_core.package_identification:_identify(src/ball_tracker) by extension 'colcon_meta'
[0.501s] Level 1:colcon.colcon_core.package_identification:_identify(src/ball_tracker) by extensions ['ros']
[0.501s] Level 1:colcon.colcon_core.package_identification:_identify(src/ball_tracker) by extension 'ros'
[0.504s] DEBUG:colcon.colcon_core.package_identification:Package 'src/ball_tracker' with type 'ros.ament_python' and name 'ball_tracker'
[0.505s] Level 1:colcon.colcon_core.package_identification:_identify(src/lab) by extensions ['ignore', 'ignore_ament_install']
[0.505s] Level 1:colcon.colcon_core.package_identification:_identify(src/lab) by extension 'ignore'
[0.505s] Level 1:colcon.colcon_core.package_identification:_identify(src/lab) by extension 'ignore_ament_install'
[0.505s] Level 1:colcon.colcon_core.package_identification:_identify(src/lab) by extensions ['colcon_pkg']
[0.505s] Level 1:colcon.colcon_core.package_identification:_identify(src/lab) by extension 'colcon_pkg'
[0.505s] Level 1:colcon.colcon_core.package_identification:_identify(src/lab) by extensions ['colcon_meta']
[0.505s] Level 1:colcon.colcon_core.package_identification:_identify(src/lab) by extension 'colcon_meta'
[0.505s] Level 1:colcon.colcon_core.package_identification:_identify(src/lab) by extensions ['ros']
[0.505s] Level 1:colcon.colcon_core.package_identification:_identify(src/lab) by extension 'ros'
[0.506s] DEBUG:colcon.colcon_core.package_identification:Package 'src/lab' with type 'ros.ament_python' and name 'lab'
[0.506s] Level 1:colcon.colcon_core.package_discovery:discover_packages(recursive) using defaults
[0.506s] Level 1:colcon.colcon_core.package_discovery:discover_packages(ignore) discover
[0.506s] Level 1:colcon.colcon_core.package_discovery:discover_packages(ignore) using defaults
[0.506s] Level 1:colcon.colcon_core.package_discovery:discover_packages(path) discover
[0.506s] Level 1:colcon.colcon_core.package_discovery:discover_packages(path) using defaults
[0.538s] Level 1:colcon.colcon_core.package_discovery:discover_packages(prefix_path) check parameters
[0.538s] Level 1:colcon.colcon_core.package_discovery:discover_packages(prefix_path) discover
[0.543s] DEBUG:colcon.colcon_installed_package_information.package_discovery:Found 1 installed packages in /home/sumukha/lab/install
[0.544s] DEBUG:colcon.colcon_installed_package_information.package_discovery:Found 1 installed packages in /home/sumukha/six_arm/install
[0.546s] DEBUG:colcon.colcon_installed_package_information.package_discovery:Found 2 installed packages in /home/sumukha/line_follower_ROS2/install
[0.547s] DEBUG:colcon.colcon_installed_package_information.package_discovery:Found 1 installed packages in /home/sumukha/project/install
[0.548s] DEBUG:colcon.colcon_installed_package_information.package_discovery:Found 0 installed packages in /home/sumukha/colcon_ws/install
[0.551s] DEBUG:colcon.colcon_installed_package_information.package_discovery:Found 7 installed packages in /home/sumukha/ros2_tutorial/install
[0.553s] DEBUG:colcon.colcon_installed_package_information.package_discovery:Found 11 installed packages in /home/sumukha/turtlebot3_ws/install
[0.554s] DEBUG:colcon.colcon_installed_package_information.package_discovery:Found 1 installed packages in /home/sumukha/dev_ws/install
[0.557s] DEBUG:colcon.colcon_installed_package_information.package_discovery:Found 345 installed packages in /opt/ros/foxy
[0.561s] Level 1:colcon.colcon_core.package_discovery:discover_packages(prefix_path) using defaults
[0.658s] Level 5:colcon.colcon_core.verb:set package 'ball_tracker' build argument 'cmake_args' from command line to 'None'
[0.658s] Level 5:colcon.colcon_core.verb:set package 'ball_tracker' build argument 'cmake_target' from command line to 'None'
[0.658s] Level 5:colcon.colcon_core.verb:set package 'ball_tracker' build argument 'cmake_target_skip_unavailable' from command line to 'False'
[0.658s] Level 5:colcon.colcon_core.verb:set package 'ball_tracker' build argument 'cmake_clean_cache' from command line to 'False'
[0.658s] Level 5:colcon.colcon_core.verb:set package 'ball_tracker' build argument 'cmake_clean_first' from command line to 'False'
[0.658s] Level 5:colcon.colcon_core.verb:set package 'ball_tracker' build argument 'cmake_force_configure' from command line to 'False'
[0.659s] Level 5:colcon.colcon_core.verb:set package 'ball_tracker' build argument 'ament_cmake_args' from command line to 'None'
[0.659s] Level 5:colcon.colcon_core.verb:set package 'ball_tracker' build argument 'catkin_cmake_args' from command line to 'None'
[0.659s] Level 5:colcon.colcon_core.verb:set package 'ball_tracker' build argument 'catkin_skip_building_tests' from command line to 'False'
[0.659s] DEBUG:colcon.colcon_core.verb:Building package 'ball_tracker' with the following arguments: {'ament_cmake_args': None, 'build_base': '/home/sumukha/lab/build/ball_tracker', 'catkin_cmake_args': None, 'catkin_skip_building_tests': False, 'cmake_args': None, 'cmake_clean_cache': False, 'cmake_clean_first': False, 'cmake_force_configure': False, 'cmake_target': None, 'cmake_target_skip_unavailable': False, 'install_base': '/home/sumukha/lab/install/ball_tracker', 'merge_install': False, 'path': '/home/sumukha/lab/src/ball_tracker', 'symlink_install': False, 'test_result_base': None}
[0.660s] Level 5:colcon.colcon_core.verb:set package 'lab' build argument 'cmake_args' from command line to 'None'
[0.660s] Level 5:colcon.colcon_core.verb:set package 'lab' build argument 'cmake_target' from command line to 'None'
[0.660s] Level 5:colcon.colcon_core.verb:set package 'lab' build argument 'cmake_target_skip_unavailable' from command line to 'False'
[0.660s] Level 5:colcon.colcon_core.verb:set package 'lab' build argument 'cmake_clean_cache' from command line to 'False'
[0.660s] Level 5:colcon.colcon_core.verb:set package 'lab' build argument 'cmake_clean_first' from command line to 'False'
[0.660s] Level 5:colcon.colcon_core.verb:set package 'lab' build argument 'cmake_force_configure' from command line to 'False'
[0.660s] Level 5:colcon.colcon_core.verb:set package 'lab' build argument 'ament_cmake_args' from command line to 'None'
[0.660s] Level 5:colcon.colcon_core.verb:set package 'lab' build argument 'catkin_cmake_args' from command line to 'None'
[0.660s] Level 5:colcon.colcon_core.verb:set package 'lab' build argument 'catkin_skip_building_tests' from command line to 'False'
[0.660s] DEBUG:colcon.colcon_core.verb:Building package 'lab' with the following arguments: {'ament_cmake_args': None, 'build_base': '/home/sumukha/lab/build/lab', 'catkin_cmake_args': None, 'catkin_skip_building_tests': False, 'cmake_args': None, 'cmake_clean_cache': False, 'cmake_clean_first': False, 'cmake_force_configure': False, 'cmake_target': None, 'cmake_target_skip_unavailable': False, 'install_base': '/home/sumukha/lab/install/lab', 'merge_install': False, 'path': '/home/sumukha/lab/src/lab', 'symlink_install': False, 'test_result_base': None}
[0.662s] INFO:colcon.colcon_core.executor:Executing jobs using 'parallel' executor
[0.666s] DEBUG:colcon.colcon_parallel_executor.executor.parallel:run_until_complete
[0.667s] INFO:colcon.colcon_ros.task.ament_python.build:Building ROS package in '/home/sumukha/lab/src/ball_tracker' with build type 'ament_python'
[0.667s] Level 1:colcon.colcon_core.shell:create_environment_hook('ball_tracker', 'ament_prefix_path')
[0.673s] INFO:colcon.colcon_core.plugin_system:Skipping extension 'colcon_core.shell.bat': Not used on non-Windows systems
[0.673s] INFO:colcon.colcon_core.shell:Creating environment hook '/home/sumukha/lab/install/ball_tracker/share/ball_tracker/hook/ament_prefix_path.ps1'
[0.674s] INFO:colcon.colcon_core.shell:Creating environment descriptor '/home/sumukha/lab/install/ball_tracker/share/ball_tracker/hook/ament_prefix_path.dsv'
[0.675s] INFO:colcon.colcon_core.shell:Creating environment hook '/home/sumukha/lab/install/ball_tracker/share/ball_tracker/hook/ament_prefix_path.sh'
[0.677s] INFO:colcon.colcon_core.shell:Skip shell extension 'powershell' for command environment: Not usable outside of PowerShell
[0.677s] DEBUG:colcon.colcon_core.shell:Skip shell extension 'dsv' for command environment
[0.695s] INFO:colcon.colcon_ros.task.ament_python.build:Building ROS package in '/home/sumukha/lab/src/lab' with build type 'ament_python'
[0.695s] Level 1:colcon.colcon_core.shell:create_environment_hook('lab', 'ament_prefix_path')
[0.697s] INFO:colcon.colcon_core.shell:Creating environment hook '/home/sumukha/lab/install/lab/share/lab/hook/ament_prefix_path.ps1'
[0.700s] INFO:colcon.colcon_core.shell:Creating environment descriptor '/home/sumukha/lab/install/lab/share/lab/hook/ament_prefix_path.dsv'
[0.701s] INFO:colcon.colcon_core.shell:Creating environment hook '/home/sumukha/lab/install/lab/share/lab/hook/ament_prefix_path.sh'
[0.704s] INFO:colcon.colcon_core.shell:Skip shell extension 'powershell' for command environment: Not usable outside of PowerShell
[0.704s] DEBUG:colcon.colcon_core.shell:Skip shell extension 'dsv' for command environment
[1.034s] INFO:colcon.colcon_core.task.python.build:Building Python package in '/home/sumukha/lab/src/ball_tracker'
[1.037s] INFO:colcon.colcon_core.shell:Skip shell extension 'powershell' for command environment: Not usable outside of PowerShell
[1.037s] DEBUG:colcon.colcon_core.shell:Skip shell extension 'dsv' for command environment
[1.370s] INFO:colcon.colcon_core.task.python.build:Building Python package in '/home/sumukha/lab/src/lab'
[1.373s] INFO:colcon.colcon_core.shell:Skip shell extension 'powershell' for command environment: Not usable outside of PowerShell
[1.373s] DEBUG:colcon.colcon_core.shell:Skip shell extension 'dsv' for command environment
[1.948s] DEBUG:colcon.colcon_core.event_handler.log_command:Invoking command in '/home/sumukha/lab/src/ball_tracker': PYTHONPATH=/home/sumukha/lab/build/ball_tracker/prefix_override:/home/sumukha/lab/install/ball_tracker/lib/python3.8/site-packages:${PYTHONPATH} /usr/bin/python3 setup.py egg_info --egg-base ../../build/ball_tracker build --build-base /home/sumukha/lab/build/ball_tracker/build install --record /home/sumukha/lab/build/ball_tracker/install.log --install-scripts $base/lib/ball_tracker --single-version-externally-managed
[1.981s] DEBUG:colcon.colcon_core.event_handler.log_command:Invoking command in '/home/sumukha/lab/src/lab': PYTHONPATH=/home/sumukha/lab/build/lab/prefix_override:/home/sumukha/lab/install/lab/lib/python3.8/site-packages:${PYTHONPATH} /usr/bin/python3 setup.py egg_info --egg-base ../../build/lab build --build-base /home/sumukha/lab/build/lab/build install --record /home/sumukha/lab/build/lab/install.log --install-scripts $base/lib/lab --single-version-externally-managed
[2.389s] Level 1:colcon.colcon_core.environment:checking '/home/sumukha/lab/install/ball_tracker' for CMake module files
[2.390s] Level 1:colcon.colcon_core.environment:checking '/home/sumukha/lab/install/ball_tracker' for CMake config files
[2.391s] Level 1:colcon.colcon_core.environment:checking '/home/sumukha/lab/install/ball_tracker/lib'
[2.391s] Level 1:colcon.colcon_core.environment:checking '/home/sumukha/lab/install/ball_tracker/bin'
[2.391s] Level 1:colcon.colcon_core.environment:checking '/home/sumukha/lab/install/ball_tracker/lib/pkgconfig/ball_tracker.pc'
[2.392s] Level 1:colcon.colcon_core.environment:checking '/home/sumukha/lab/install/ball_tracker/lib/python3.8/site-packages'
[2.392s] Level 1:colcon.colcon_core.shell:create_environment_hook('ball_tracker', 'pythonpath')
[2.394s] INFO:colcon.colcon_core.shell:Creating environment hook '/home/sumukha/lab/install/ball_tracker/share/ball_tracker/hook/pythonpath.ps1'
[2.395s] INFO:colcon.colcon_core.shell:Creating environment descriptor '/home/sumukha/lab/install/ball_tracker/share/ball_tracker/hook/pythonpath.dsv'
[2.395s] DEBUG:colcon.colcon_core.event_handler.log_command:Invoked command in '/home/sumukha/lab/src/ball_tracker' returned '0': PYTHONPATH=/home/sumukha/lab/build/ball_tracker/prefix_override:/home/sumukha/lab/install/ball_tracker/lib/python3.8/site-packages:${PYTHONPATH} /usr/bin/python3 setup.py egg_info --egg-base ../../build/ball_tracker build --build-base /home/sumukha/lab/build/ball_tracker/build install --record /home/sumukha/lab/build/ball_tracker/install.log --install-scripts $base/lib/ball_tracker --single-version-externally-managed
[2.396s] INFO:colcon.colcon_core.shell:Creating environment hook '/home/sumukha/lab/install/ball_tracker/share/ball_tracker/hook/pythonpath.sh'
[2.397s] Level 1:colcon.colcon_core.environment:checking '/home/sumukha/lab/install/ball_tracker/bin'
[2.397s] Level 1:colcon.colcon_core.environment:create_environment_scripts_only(ball_tracker)
[2.399s] INFO:colcon.colcon_core.shell:Creating package script '/home/sumukha/lab/install/ball_tracker/share/ball_tracker/package.ps1'
[2.400s] INFO:colcon.colcon_core.shell:Creating package descriptor '/home/sumukha/lab/install/ball_tracker/share/ball_tracker/package.dsv'
[2.401s] INFO:colcon.colcon_core.shell:Creating package script '/home/sumukha/lab/install/ball_tracker/share/ball_tracker/package.sh'
[2.402s] INFO:colcon.colcon_core.shell:Creating package script '/home/sumukha/lab/install/ball_tracker/share/ball_tracker/package.bash'
[2.403s] INFO:colcon.colcon_core.shell:Creating package script '/home/sumukha/lab/install/ball_tracker/share/ball_tracker/package.zsh'
[2.404s] Level 1:colcon.colcon_core.environment:create_file_with_runtime_dependencies(/home/sumukha/lab/install/ball_tracker/share/colcon-core/packages/ball_tracker)
[2.432s] Level 1:colcon.colcon_core.environment:checking '/home/sumukha/lab/install/lab' for CMake module files
[2.432s] DEBUG:colcon.colcon_core.event_handler.log_command:Invoked command in '/home/sumukha/lab/src/lab' returned '0': PYTHONPATH=/home/sumukha/lab/build/lab/prefix_override:/home/sumukha/lab/install/lab/lib/python3.8/site-packages:${PYTHONPATH} /usr/bin/python3 setup.py egg_info --egg-base ../../build/lab build --build-base /home/sumukha/lab/build/lab/build install --record /home/sumukha/lab/build/lab/install.log --install-scripts $base/lib/lab --single-version-externally-managed
[2.433s] Level 1:colcon.colcon_core.environment:checking '/home/sumukha/lab/install/lab' for CMake config files
[2.433s] Level 1:colcon.colcon_core.environment:checking '/home/sumukha/lab/install/lab/lib'
[2.434s] Level 1:colcon.colcon_core.environment:checking '/home/sumukha/lab/install/lab/bin'
[2.434s] Level 1:colcon.colcon_core.environment:checking '/home/sumukha/lab/install/lab/lib/pkgconfig/lab.pc'
[2.434s] Level 1:colcon.colcon_core.environment:checking '/home/sumukha/lab/install/lab/lib/python3.8/site-packages'
[2.434s] Level 1:colcon.colcon_core.shell:create_environment_hook('lab', 'pythonpath')
[2.438s] INFO:colcon.colcon_core.shell:Creating environment hook '/home/sumukha/lab/install/lab/share/lab/hook/pythonpath.ps1'
[2.439s] INFO:colcon.colcon_core.shell:Creating environment descriptor '/home/sumukha/lab/install/lab/share/lab/hook/pythonpath.dsv'
[2.440s] INFO:colcon.colcon_core.shell:Creating environment hook '/home/sumukha/lab/install/lab/share/lab/hook/pythonpath.sh'
[2.441s] Level 1:colcon.colcon_core.environment:checking '/home/sumukha/lab/install/lab/bin'
[2.441s] Level 1:colcon.colcon_core.environment:create_environment_scripts_only(lab)
[2.443s] INFO:colcon.colcon_core.shell:Creating package script '/home/sumukha/lab/install/lab/share/lab/package.ps1'
[2.444s] INFO:colcon.colcon_core.shell:Creating package descriptor '/home/sumukha/lab/install/lab/share/lab/package.dsv'
[2.444s] INFO:colcon.colcon_core.shell:Creating package script '/home/sumukha/lab/install/lab/share/lab/package.sh'
[2.445s] INFO:colcon.colcon_core.shell:Creating package script '/home/sumukha/lab/install/lab/share/lab/package.bash'
[2.446s] INFO:colcon.colcon_core.shell:Creating package script '/home/sumukha/lab/install/lab/share/lab/package.zsh'
[2.446s] Level 1:colcon.colcon_core.environment:create_file_with_runtime_dependencies(/home/sumukha/lab/install/lab/share/colcon-core/packages/lab)
[2.448s] DEBUG:colcon.colcon_parallel_executor.executor.parallel:closing loop
[2.448s] DEBUG:colcon.colcon_parallel_executor.executor.parallel:loop closed
[2.448s] DEBUG:colcon.colcon_parallel_executor.executor.parallel:run_until_complete finished with '0'
[2.448s] DEBUG:colcon.colcon_core.event_reactor:joining thread
[2.460s] INFO:colcon.colcon_core.plugin_system:Skipping extension 'colcon_notification.desktop_notification.terminal_notifier': Not used on non-Darwin systems
[2.461s] INFO:colcon.colcon_core.plugin_system:Skipping extension 'colcon_notification.desktop_notification.win32': Not used on non-Windows systems
[2.461s] INFO:colcon.colcon_notification.desktop_notification:Sending desktop notification using 'notify2'
[2.484s] DEBUG:colcon.colcon_core.event_reactor:joined thread
[2.487s] INFO:colcon.colcon_core.shell:Creating prefix script '/home/sumukha/lab/install/local_setup.ps1'
[2.489s] INFO:colcon.colcon_core.shell:Creating prefix util module '/home/sumukha/lab/install/_local_setup_util_ps1.py'
[2.492s] INFO:colcon.colcon_core.shell:Creating prefix chain script '/home/sumukha/lab/install/setup.ps1'
[2.495s] INFO:colcon.colcon_core.shell:Creating prefix script '/home/sumukha/lab/install/local_setup.sh'
[2.496s] INFO:colcon.colcon_core.shell:Creating prefix util module '/home/sumukha/lab/install/_local_setup_util_sh.py'
[2.497s] INFO:colcon.colcon_core.shell:Creating prefix chain script '/home/sumukha/lab/install/setup.sh'
[2.501s] INFO:colcon.colcon_core.shell:Creating prefix script '/home/sumukha/lab/install/local_setup.bash'
[2.502s] INFO:colcon.colcon_core.shell:Creating prefix chain script '/home/sumukha/lab/install/setup.bash'
[2.506s] INFO:colcon.colcon_core.shell:Creating prefix script '/home/sumukha/lab/install/local_setup.zsh'
[2.507s] INFO:colcon.colcon_core.shell:Creating prefix chain script '/home/sumukha/lab/install/setup.zsh'
