[1.547s] Invoking command in '/home/sumukha/lab/src/lab': PYTHONPATH=/home/sumukha/lab/build/lab/prefix_override:/home/sumukha/lab/install/lab/lib/python3.8/site-packages:${PYTHONPATH} /usr/bin/python3 setup.py egg_info --egg-base ../../build/lab build --build-base /home/sumukha/lab/build/lab/build install --record /home/sumukha/lab/build/lab/install.log --install-scripts $base/lib/lab --single-version-externally-managed
[1.979s] running egg_info
[1.980s] writing ../../build/lab/lab.egg-info/PKG-INFO
[1.981s] writing dependency_links to ../../build/lab/lab.egg-info/dependency_links.txt
[1.981s] writing entry points to ../../build/lab/lab.egg-info/entry_points.txt
[1.981s] writing requirements to ../../build/lab/lab.egg-info/requires.txt
[1.982s] writing top-level names to ../../build/lab/lab.egg-info/top_level.txt
[2.046s] reading manifest file '../../build/lab/lab.egg-info/SOURCES.txt'
[2.047s] writing manifest file '../../build/lab/lab.egg-info/SOURCES.txt'
[2.048s] running build
[2.048s] running build_py
[2.048s] copying lab/extract_road.py -> /home/sumukha/lab/build/lab/build/lib/lab
[2.049s] running install
[2.052s] running install_lib
[2.054s] copying /home/sumukha/lab/build/lab/build/lib/lab/extract_road.py -> /home/sumukha/lab/install/lab/lib/python3.8/site-packages/lab
[2.055s] byte-compiling /home/sumukha/lab/install/lab/lib/python3.8/site-packages/lab/extract_road.py to extract_road.cpython-38.pyc
[2.060s] running install_data
[2.061s] running install_egg_info
[2.065s] removing '/home/sumukha/lab/install/lab/lib/python3.8/site-packages/lab-0.0.0-py3.8.egg-info' (and everything under it)
[2.065s] Copying ../../build/lab/lab.egg-info to /home/sumukha/lab/install/lab/lib/python3.8/site-packages/lab-0.0.0-py3.8.egg-info
[2.067s] running install_scripts
[2.102s] Installing capture script to /home/sumukha/lab/install/lab/lib/lab
[2.102s] Installing extract_road script to /home/sumukha/lab/install/lab/lib/lab
[2.103s] writing list of installed files to '/home/sumukha/lab/build/lab/install.log'
[2.241s] Invoked command in '/home/sumukha/lab/src/lab' returned '0': PYTHONPATH=/home/sumukha/lab/build/lab/prefix_override:/home/sumukha/lab/install/lab/lib/python3.8/site-packages:${PYTHONPATH} /usr/bin/python3 setup.py egg_info --egg-base ../../build/lab build --build-base /home/sumukha/lab/build/lab/build install --record /home/sumukha/lab/build/lab/install.log --install-scripts $base/lib/lab --single-version-externally-managed
