[0.942s] Invoking command in '/home/sumukha/lab/src/lab': PYTHONPATH=/home/sumukha/lab/build/lab/prefix_override:/home/sumukha/lab/install/lab/lib/python3.8/site-packages:${PYTHONPATH} /usr/bin/python3 setup.py egg_info --egg-base ../../build/lab build --build-base /home/sumukha/lab/build/lab/build install --record /home/sumukha/lab/build/lab/install.log --install-scripts $base/lib/lab --single-version-externally-managed
[1.189s] running egg_info
[1.189s] writing ../../build/lab/lab.egg-info/PKG-INFO
[1.190s] writing dependency_links to ../../build/lab/lab.egg-info/dependency_links.txt
[1.190s] writing entry points to ../../build/lab/lab.egg-info/entry_points.txt
[1.190s] writing requirements to ../../build/lab/lab.egg-info/requires.txt
[1.191s] writing top-level names to ../../build/lab/lab.egg-info/top_level.txt
[1.237s] reading manifest file '../../build/lab/lab.egg-info/SOURCES.txt'
[1.239s] writing manifest file '../../build/lab/lab.egg-info/SOURCES.txt'
[1.239s] running build
[1.239s] running build_py
[1.240s] copying lab/camre_capture.py -> /home/sumukha/lab/build/lab/build/lib/lab
[1.240s] running install
[1.241s] running install_lib
[1.243s] copying /home/sumukha/lab/build/lab/build/lib/lab/camre_capture.py -> /home/sumukha/lab/install/lab/lib/python3.8/site-packages/lab
[1.245s] byte-compiling /home/sumukha/lab/install/lab/lib/python3.8/site-packages/lab/camre_capture.py to camre_capture.cpython-38.pyc
[1.246s] running install_data
[1.247s] running install_egg_info
[1.249s] removing '/home/sumukha/lab/install/lab/lib/python3.8/site-packages/lab-0.0.0-py3.8.egg-info' (and everything under it)
[1.250s] Copying ../../build/lab/lab.egg-info to /home/sumukha/lab/install/lab/lib/python3.8/site-packages/lab-0.0.0-py3.8.egg-info
[1.251s] running install_scripts
[1.272s] Installing capture script to /home/sumukha/lab/install/lab/lib/lab
[1.272s] writing list of installed files to '/home/sumukha/lab/build/lab/install.log'
[1.316s] Invoked command in '/home/sumukha/lab/src/lab' returned '0': PYTHONPATH=/home/sumukha/lab/build/lab/prefix_override:/home/sumukha/lab/install/lab/lib/python3.8/site-packages:${PYTHONPATH} /usr/bin/python3 setup.py egg_info --egg-base ../../build/lab build --build-base /home/sumukha/lab/build/lab/build install --record /home/sumukha/lab/build/lab/install.log --install-scripts $base/lib/lab --single-version-externally-managed
