[1.480s] Invoking command in '/home/sumukha/lab/src/lab': PYTHONPATH=/home/sumukha/lab/build/lab/prefix_override:/home/sumukha/lab/install/lab/lib/python3.8/site-packages:${PYTHONPATH} /usr/bin/python3 setup.py egg_info --egg-base ../../build/lab build --build-base /home/sumukha/lab/build/lab/build install --record /home/sumukha/lab/build/lab/install.log --install-scripts $base/lib/lab --single-version-externally-managed
[1.866s] running egg_info
[1.869s] writing ../../build/lab/lab.egg-info/PKG-INFO
[1.870s] writing dependency_links to ../../build/lab/lab.egg-info/dependency_links.txt
[1.870s] writing entry points to ../../build/lab/lab.egg-info/entry_points.txt
[1.870s] writing requirements to ../../build/lab/lab.egg-info/requires.txt
[1.871s] writing top-level names to ../../build/lab/lab.egg-info/top_level.txt
[1.952s] reading manifest file '../../build/lab/lab.egg-info/SOURCES.txt'
[1.957s] writing manifest file '../../build/lab/lab.egg-info/SOURCES.txt'
[1.957s] running build
[1.957s] running build_py
[1.958s] copying lab/line_follow.py -> /home/sumukha/lab/build/lab/build/lib/lab
[1.958s] running install
[1.964s] running install_lib
[1.964s] copying /home/sumukha/lab/build/lab/build/lib/lab/line_follow.py -> /home/sumukha/lab/install/lab/lib/python3.8/site-packages/lab
[1.964s] byte-compiling /home/sumukha/lab/install/lab/lib/python3.8/site-packages/lab/line_follow.py to line_follow.cpython-38.pyc
[1.967s] running install_data
[1.968s] running install_egg_info
[1.972s] removing '/home/sumukha/lab/install/lab/lib/python3.8/site-packages/lab-0.0.0-py3.8.egg-info' (and everything under it)
[1.973s] Copying ../../build/lab/lab.egg-info to /home/sumukha/lab/install/lab/lib/python3.8/site-packages/lab-0.0.0-py3.8.egg-info
[1.974s] running install_scripts
[2.004s] Installing capture script to /home/sumukha/lab/install/lab/lib/lab
[2.004s] Installing extract_road script to /home/sumukha/lab/install/lab/lib/lab
[2.005s] Installing line_follow script to /home/sumukha/lab/install/lab/lib/lab
[2.005s] writing list of installed files to '/home/sumukha/lab/build/lab/install.log'
[2.147s] Invoked command in '/home/sumukha/lab/src/lab' returned '0': PYTHONPATH=/home/sumukha/lab/build/lab/prefix_override:/home/sumukha/lab/install/lab/lib/python3.8/site-packages:${PYTHONPATH} /usr/bin/python3 setup.py egg_info --egg-base ../../build/lab build --build-base /home/sumukha/lab/build/lab/build install --record /home/sumukha/lab/build/lab/install.log --install-scripts $base/lib/lab --single-version-externally-managed
