[1.631s] Invoking command in '/home/sumukha/lab/src/lab': PYTHONPATH=/home/sumukha/lab/build/lab/prefix_override:/home/sumukha/lab/install/lab/lib/python3.8/site-packages:${PYTHONPATH} /usr/bin/python3 setup.py egg_info --egg-base ../../build/lab build --build-base /home/sumukha/lab/build/lab/build install --record /home/sumukha/lab/build/lab/install.log --install-scripts $base/lib/lab --single-version-externally-managed
[2.092s] running egg_info
[2.092s] writing ../../build/lab/lab.egg-info/PKG-INFO
[2.093s] writing dependency_links to ../../build/lab/lab.egg-info/dependency_links.txt
[2.094s] writing entry points to ../../build/lab/lab.egg-info/entry_points.txt
[2.094s] writing requirements to ../../build/lab/lab.egg-info/requires.txt
[2.094s] writing top-level names to ../../build/lab/lab.egg-info/top_level.txt
[2.164s] reading manifest file '../../build/lab/lab.egg-info/SOURCES.txt'
[2.166s] writing manifest file '../../build/lab/lab.egg-info/SOURCES.txt'
[2.167s] running build
[2.167s] running build_py
[2.167s] running install
[2.169s] running install_lib
[2.174s] running install_data
[2.174s] running install_egg_info
[2.180s] removing '/home/sumukha/lab/install/lab/lib/python3.8/site-packages/lab-0.0.0-py3.8.egg-info' (and everything under it)
[2.180s] Copying ../../build/lab/lab.egg-info to /home/sumukha/lab/install/lab/lib/python3.8/site-packages/lab-0.0.0-py3.8.egg-info
[2.182s] running install_scripts
[2.221s] Installing capture script to /home/sumukha/lab/install/lab/lib/lab
[2.221s] Installing extract_road script to /home/sumukha/lab/install/lab/lib/lab
[2.223s] writing list of installed files to '/home/sumukha/lab/build/lab/install.log'
[2.358s] Invoked command in '/home/sumukha/lab/src/lab' returned '0': PYTHONPATH=/home/sumukha/lab/build/lab/prefix_override:/home/sumukha/lab/install/lab/lib/python3.8/site-packages:${PYTHONPATH} /usr/bin/python3 setup.py egg_info --egg-base ../../build/lab build --build-base /home/sumukha/lab/build/lab/build install --record /home/sumukha/lab/build/lab/install.log --install-scripts $base/lib/lab --single-version-externally-managed
