[0.499s] DEBUG:colcon:Command line arguments: ['/usr/bin/colcon', 'list', '-p', '--base-paths', '/home/sumukha/lab']
[0.499s] DEBUG:colcon:Parsed command line arguments: Namespace(allow_overriding=[], base_paths=['/home/sumukha/lab'], build_base='build', ignore_user_meta=False, log_base=None, log_level=None, main=<bound method ListVerb.main of <colcon_package_information.verb.list.ListVerb object at 0x7f088e338760>>, metas=['./colcon.meta'], names_only=False, packages_above=None, packages_above_and_dependencies=None, packages_above_depth=None, packages_end=None, packages_ignore=None, packages_ignore_regex=None, packages_select=None, packages_select_build_failed=False, packages_select_by_dep=None, packages_select_regex=None, packages_select_test_failures=False, packages_skip=None, packages_skip_build_finished=False, packages_skip_by_dep=None, packages_skip_regex=None, packages_skip_test_passed=False, packages_skip_up_to=None, packages_start=None, packages_up_to=None, packages_up_to_regex=None, paths=None, paths_only=True, topological_graph=False, topological_graph_density=False, topological_graph_dot=False, topological_graph_dot_cluster=False, topological_graph_dot_include_skipped=False, topological_graph_legend=False, topological_order=False, verb_extension=<colcon_package_information.verb.list.ListVerb object at 0x7f088e338760>, verb_name='list', verb_parser=<colcon_defaults.argument_parser.defaults.DefaultArgumentsDecorator object at 0x7f088e29c0d0>)
[0.544s] Level 1:colcon.colcon_core.package_discovery:discover_packages(colcon_meta) check parameters
[0.544s] Level 1:colcon.colcon_core.package_discovery:discover_packages(recursive) check parameters
[0.544s] Level 1:colcon.colcon_core.package_discovery:discover_packages(ignore) check parameters
[0.544s] Level 1:colcon.colcon_core.package_discovery:discover_packages(path) check parameters
[0.544s] Level 1:colcon.colcon_core.package_discovery:discover_packages(recursive) discover
[0.544s] INFO:colcon.colcon_core.package_discovery:Crawling recursively for packages in '/home/sumukha/lab'
[0.545s] Level 1:colcon.colcon_core.package_identification:_identify(/home/sumukha/lab) by extensions ['ignore', 'ignore_ament_install']
[0.545s] Level 1:colcon.colcon_core.package_identification:_identify(/home/sumukha/lab) by extension 'ignore'
[0.545s] Level 1:colcon.colcon_core.package_identification:_identify(/home/sumukha/lab) by extension 'ignore_ament_install'
[0.545s] Level 1:colcon.colcon_core.package_identification:_identify(/home/sumukha/lab) by extensions ['colcon_pkg']
[0.545s] Level 1:colcon.colcon_core.package_identification:_identify(/home/sumukha/lab) by extension 'colcon_pkg'
[0.545s] Level 1:colcon.colcon_core.package_identification:_identify(/home/sumukha/lab) by extensions ['colcon_meta']
[0.545s] Level 1:colcon.colcon_core.package_identification:_identify(/home/sumukha/lab) by extension 'colcon_meta'
[0.545s] Level 1:colcon.colcon_core.package_identification:_identify(/home/sumukha/lab) by extensions ['ros']
[0.545s] Level 1:colcon.colcon_core.package_identification:_identify(/home/sumukha/lab) by extension 'ros'
[0.561s] Level 1:colcon.colcon_core.package_identification:_identify(/home/sumukha/lab) by extensions ['cmake', 'python']
[0.561s] Level 1:colcon.colcon_core.package_identification:_identify(/home/sumukha/lab) by extension 'cmake'
[0.561s] Level 1:colcon.colcon_core.package_identification:_identify(/home/sumukha/lab) by extension 'python'
[0.561s] Level 1:colcon.colcon_core.package_identification:_identify(/home/sumukha/lab) by extensions ['python_setup_py']
[0.561s] Level 1:colcon.colcon_core.package_identification:_identify(/home/sumukha/lab) by extension 'python_setup_py'
[0.562s] Level 1:colcon.colcon_core.package_identification:_identify(/home/sumukha/lab/build) by extensions ['ignore', 'ignore_ament_install']
[0.562s] Level 1:colcon.colcon_core.package_identification:_identify(/home/sumukha/lab/build) by extension 'ignore'
[0.562s] Level 1:colcon.colcon_core.package_identification:_identify(/home/sumukha/lab/build) ignored
[0.562s] Level 1:colcon.colcon_core.package_identification:_identify(/home/sumukha/lab/install) by extensions ['ignore', 'ignore_ament_install']
[0.562s] Level 1:colcon.colcon_core.package_identification:_identify(/home/sumukha/lab/install) by extension 'ignore'
[0.562s] Level 1:colcon.colcon_core.package_identification:_identify(/home/sumukha/lab/install) ignored
[0.562s] Level 1:colcon.colcon_core.package_identification:_identify(/home/sumukha/lab/log) by extensions ['ignore', 'ignore_ament_install']
[0.562s] Level 1:colcon.colcon_core.package_identification:_identify(/home/sumukha/lab/log) by extension 'ignore'
[0.562s] Level 1:colcon.colcon_core.package_identification:_identify(/home/sumukha/lab/log) ignored
[0.562s] Level 1:colcon.colcon_core.package_identification:_identify(/home/sumukha/lab/src) by extensions ['ignore', 'ignore_ament_install']
[0.563s] Level 1:colcon.colcon_core.package_identification:_identify(/home/sumukha/lab/src) by extension 'ignore'
[0.563s] Level 1:colcon.colcon_core.package_identification:_identify(/home/sumukha/lab/src) by extension 'ignore_ament_install'
[0.563s] Level 1:colcon.colcon_core.package_identification:_identify(/home/sumukha/lab/src) by extensions ['colcon_pkg']
[0.563s] Level 1:colcon.colcon_core.package_identification:_identify(/home/sumukha/lab/src) by extension 'colcon_pkg'
[0.563s] Level 1:colcon.colcon_core.package_identification:_identify(/home/sumukha/lab/src) by extensions ['colcon_meta']
[0.563s] Level 1:colcon.colcon_core.package_identification:_identify(/home/sumukha/lab/src) by extension 'colcon_meta'
[0.563s] Level 1:colcon.colcon_core.package_identification:_identify(/home/sumukha/lab/src) by extensions ['ros']
[0.563s] Level 1:colcon.colcon_core.package_identification:_identify(/home/sumukha/lab/src) by extension 'ros'
[0.563s] Level 1:colcon.colcon_core.package_identification:_identify(/home/sumukha/lab/src) by extensions ['cmake', 'python']
[0.563s] Level 1:colcon.colcon_core.package_identification:_identify(/home/sumukha/lab/src) by extension 'cmake'
[0.563s] Level 1:colcon.colcon_core.package_identification:_identify(/home/sumukha/lab/src) by extension 'python'
[0.563s] Level 1:colcon.colcon_core.package_identification:_identify(/home/sumukha/lab/src) by extensions ['python_setup_py']
[0.563s] Level 1:colcon.colcon_core.package_identification:_identify(/home/sumukha/lab/src) by extension 'python_setup_py'
[0.563s] Level 1:colcon.colcon_core.package_identification:_identify(/home/sumukha/lab/src/lab) by extensions ['ignore', 'ignore_ament_install']
[0.563s] Level 1:colcon.colcon_core.package_identification:_identify(/home/sumukha/lab/src/lab) by extension 'ignore'
[0.563s] Level 1:colcon.colcon_core.package_identification:_identify(/home/sumukha/lab/src/lab) by extension 'ignore_ament_install'
[0.563s] Level 1:colcon.colcon_core.package_identification:_identify(/home/sumukha/lab/src/lab) by extensions ['colcon_pkg']
[0.564s] Level 1:colcon.colcon_core.package_identification:_identify(/home/sumukha/lab/src/lab) by extension 'colcon_pkg'
[0.564s] Level 1:colcon.colcon_core.package_identification:_identify(/home/sumukha/lab/src/lab) by extensions ['colcon_meta']
[0.564s] Level 1:colcon.colcon_core.package_identification:_identify(/home/sumukha/lab/src/lab) by extension 'colcon_meta'
[0.564s] Level 1:colcon.colcon_core.package_identification:_identify(/home/sumukha/lab/src/lab) by extensions ['ros']
[0.564s] Level 1:colcon.colcon_core.package_identification:_identify(/home/sumukha/lab/src/lab) by extension 'ros'
[0.567s] DEBUG:colcon.colcon_core.package_identification:Package '/home/sumukha/lab/src/lab' with type 'ros.ament_python' and name 'lab'
[0.569s] Level 1:colcon.colcon_core.package_discovery:discover_packages(recursive) using defaults
