[0.553s] DEBUG:colcon:Command line arguments: ['/usr/bin/colcon', 'build']
[0.553s] DEBUG:colcon:Parsed command line arguments: Namespace(allow_overriding=[], ament_cmake_args=None, base_paths=['.'], build_base='build', catkin_cmake_args=None, catkin_skip_building_tests=False, cmake_args=None, cmake_clean_cache=False, cmake_clean_first=False, cmake_force_configure=False, cmake_target=None, cmake_target_skip_unavailable=False, continue_on_error=False, event_handlers=None, executor='parallel', ignore_user_meta=False, install_base='install', log_base=None, log_level=None, main=<bound method BuildVerb.main of <colcon_core.verb.build.BuildVerb object at 0x7f8c80045d30>>, merge_install=False, metas=['./colcon.meta'], packages_above=None, packages_above_and_dependencies=None, packages_above_depth=None, packages_end=None, packages_ignore=None, packages_ignore_regex=None, packages_select=None, packages_select_build_failed=False, packages_select_by_dep=None, packages_select_regex=None, packages_select_test_failures=False, packages_skip=None, packages_skip_build_finished=False, packages_skip_by_dep=None, packages_skip_regex=None, packages_skip_test_passed=False, packages_skip_up_to=None, packages_start=None, packages_up_to=None, packages_up_to_regex=None, parallel_workers=4, paths=None, symlink_install=False, test_result_base=None, verb_extension=<colcon_core.verb.build.BuildVerb object at 0x7f8c80045d30>, verb_name='build', verb_parser=<colcon_defaults.argument_parser.defaults.DefaultArgumentsDecorator object at 0x7f8c800502e0>)
[0.601s] Level 1:colcon.colcon_core.package_discovery:discover_packages(colcon_meta) check parameters
[0.602s] Level 1:colcon.colcon_core.package_discovery:discover_packages(recursive) check parameters
[0.602s] Level 1:colcon.colcon_core.package_discovery:discover_packages(ignore) check parameters
[0.602s] Level 1:colcon.colcon_core.package_discovery:discover_packages(path) check parameters
[0.602s] Level 1:colcon.colcon_core.package_discovery:discover_packages(colcon_meta) discover
[0.602s] Level 1:colcon.colcon_core.package_discovery:discover_packages(recursive) discover
[0.602s] INFO:colcon.colcon_core.package_discovery:Crawling recursively for packages in '/home/sumukha/lab'
[0.602s] Level 1:colcon.colcon_core.package_identification:_identify(.) by extensions ['ignore', 'ignore_ament_install']
[0.602s] Level 1:colcon.colcon_core.package_identification:_identify(.) by extension 'ignore'
[0.603s] Level 1:colcon.colcon_core.package_identification:_identify(.) by extension 'ignore_ament_install'
[0.603s] Level 1:colcon.colcon_core.package_identification:_identify(.) by extensions ['colcon_pkg']
[0.603s] Level 1:colcon.colcon_core.package_identification:_identify(.) by extension 'colcon_pkg'
[0.603s] Level 1:colcon.colcon_core.package_identification:_identify(.) by extensions ['colcon_meta']
[0.603s] Level 1:colcon.colcon_core.package_identification:_identify(.) by extension 'colcon_meta'
[0.603s] Level 1:colcon.colcon_core.package_identification:_identify(.) by extensions ['ros']
[0.603s] Level 1:colcon.colcon_core.package_identification:_identify(.) by extension 'ros'
[0.685s] Level 1:colcon.colcon_core.package_identification:_identify(.) by extensions ['cmake', 'python']
[0.685s] Level 1:colcon.colcon_core.package_identification:_identify(.) by extension 'cmake'
[0.685s] Level 1:colcon.colcon_core.package_identification:_identify(.) by extension 'python'
[0.685s] Level 1:colcon.colcon_core.package_identification:_identify(.) by extensions ['python_setup_py']
[0.685s] Level 1:colcon.colcon_core.package_identification:_identify(.) by extension 'python_setup_py'
[0.686s] Level 1:colcon.colcon_core.package_identification:_identify(build) by extensions ['ignore', 'ignore_ament_install']
[0.686s] Level 1:colcon.colcon_core.package_identification:_identify(build) by extension 'ignore'
[0.686s] Level 1:colcon.colcon_core.package_identification:_identify(build) ignored
[0.686s] Level 1:colcon.colcon_core.package_identification:_identify(install) by extensions ['ignore', 'ignore_ament_install']
[0.686s] Level 1:colcon.colcon_core.package_identification:_identify(install) by extension 'ignore'
[0.686s] Level 1:colcon.colcon_core.package_identification:_identify(install) ignored
[0.686s] Level 1:colcon.colcon_core.package_identification:_identify(log) by extensions ['ignore', 'ignore_ament_install']
[0.686s] Level 1:colcon.colcon_core.package_identification:_identify(log) by extension 'ignore'
[0.686s] Level 1:colcon.colcon_core.package_identification:_identify(log) ignored
[0.686s] Level 1:colcon.colcon_core.package_identification:_identify(src) by extensions ['ignore', 'ignore_ament_install']
[0.687s] Level 1:colcon.colcon_core.package_identification:_identify(src) by extension 'ignore'
[0.687s] Level 1:colcon.colcon_core.package_identification:_identify(src) by extension 'ignore_ament_install'
[0.687s] Level 1:colcon.colcon_core.package_identification:_identify(src) by extensions ['colcon_pkg']
[0.687s] Level 1:colcon.colcon_core.package_identification:_identify(src) by extension 'colcon_pkg'
[0.687s] Level 1:colcon.colcon_core.package_identification:_identify(src) by extensions ['colcon_meta']
[0.687s] Level 1:colcon.colcon_core.package_identification:_identify(src) by extension 'colcon_meta'
[0.687s] Level 1:colcon.colcon_core.package_identification:_identify(src) by extensions ['ros']
[0.687s] Level 1:colcon.colcon_core.package_identification:_identify(src) by extension 'ros'
[0.687s] Level 1:colcon.colcon_core.package_identification:_identify(src) by extensions ['cmake', 'python']
[0.687s] Level 1:colcon.colcon_core.package_identification:_identify(src) by extension 'cmake'
[0.687s] Level 1:colcon.colcon_core.package_identification:_identify(src) by extension 'python'
[0.687s] Level 1:colcon.colcon_core.package_identification:_identify(src) by extensions ['python_setup_py']
[0.687s] Level 1:colcon.colcon_core.package_identification:_identify(src) by extension 'python_setup_py'
[0.687s] Level 1:colcon.colcon_core.package_identification:_identify(src/lab) by extensions ['ignore', 'ignore_ament_install']
[0.687s] Level 1:colcon.colcon_core.package_identification:_identify(src/lab) by extension 'ignore'
[0.687s] Level 1:colcon.colcon_core.package_identification:_identify(src/lab) by extension 'ignore_ament_install'
[0.687s] Level 1:colcon.colcon_core.package_identification:_identify(src/lab) by extensions ['colcon_pkg']
[0.687s] Level 1:colcon.colcon_core.package_identification:_identify(src/lab) by extension 'colcon_pkg'
[0.687s] Level 1:colcon.colcon_core.package_identification:_identify(src/lab) by extensions ['colcon_meta']
[0.687s] Level 1:colcon.colcon_core.package_identification:_identify(src/lab) by extension 'colcon_meta'
[0.688s] Level 1:colcon.colcon_core.package_identification:_identify(src/lab) by extensions ['ros']
[0.688s] Level 1:colcon.colcon_core.package_identification:_identify(src/lab) by extension 'ros'
[0.693s] DEBUG:colcon.colcon_core.package_identification:Package 'src/lab' with type 'ros.ament_python' and name 'lab'
[0.693s] Level 1:colcon.colcon_core.package_discovery:discover_packages(recursive) using defaults
[0.693s] Level 1:colcon.colcon_core.package_discovery:discover_packages(ignore) discover
[0.693s] Level 1:colcon.colcon_core.package_discovery:discover_packages(ignore) using defaults
[0.693s] Level 1:colcon.colcon_core.package_discovery:discover_packages(path) discover
[0.693s] Level 1:colcon.colcon_core.package_discovery:discover_packages(path) using defaults
[0.742s] Level 1:colcon.colcon_core.package_discovery:discover_packages(prefix_path) check parameters
[0.742s] Level 1:colcon.colcon_core.package_discovery:discover_packages(prefix_path) discover
[0.748s] DEBUG:colcon.colcon_installed_package_information.package_discovery:Found 1 installed packages in /home/sumukha/lab/install
[0.749s] DEBUG:colcon.colcon_installed_package_information.package_discovery:Found 1 installed packages in /home/sumukha/six_arm/install
[0.751s] DEBUG:colcon.colcon_installed_package_information.package_discovery:Found 2 installed packages in /home/sumukha/line_follower_ROS2/install
[0.752s] DEBUG:colcon.colcon_installed_package_information.package_discovery:Found 1 installed packages in /home/sumukha/project/install
[0.753s] DEBUG:colcon.colcon_installed_package_information.package_discovery:Found 0 installed packages in /home/sumukha/colcon_ws/install
[0.755s] DEBUG:colcon.colcon_installed_package_information.package_discovery:Found 7 installed packages in /home/sumukha/ros2_tutorial/install
[0.758s] DEBUG:colcon.colcon_installed_package_information.package_discovery:Found 11 installed packages in /home/sumukha/turtlebot3_ws/install
[0.760s] DEBUG:colcon.colcon_installed_package_information.package_discovery:Found 1 installed packages in /home/sumukha/dev_ws/install
[0.763s] DEBUG:colcon.colcon_installed_package_information.package_discovery:Found 345 installed packages in /opt/ros/foxy
[0.767s] Level 1:colcon.colcon_core.package_discovery:discover_packages(prefix_path) using defaults
[0.890s] Level 5:colcon.colcon_core.verb:set package 'lab' build argument 'cmake_args' from command line to 'None'
[0.891s] Level 5:colcon.colcon_core.verb:set package 'lab' build argument 'cmake_target' from command line to 'None'
[0.891s] Level 5:colcon.colcon_core.verb:set package 'lab' build argument 'cmake_target_skip_unavailable' from command line to 'False'
[0.891s] Level 5:colcon.colcon_core.verb:set package 'lab' build argument 'cmake_clean_cache' from command line to 'False'
[0.891s] Level 5:colcon.colcon_core.verb:set package 'lab' build argument 'cmake_clean_first' from command line to 'False'
[0.891s] Level 5:colcon.colcon_core.verb:set package 'lab' build argument 'cmake_force_configure' from command line to 'False'
[0.891s] Level 5:colcon.colcon_core.verb:set package 'lab' build argument 'ament_cmake_args' from command line to 'None'
[0.891s] Level 5:colcon.colcon_core.verb:set package 'lab' build argument 'catkin_cmake_args' from command line to 'None'
[0.891s] Level 5:colcon.colcon_core.verb:set package 'lab' build argument 'catkin_skip_building_tests' from command line to 'False'
[0.891s] DEBUG:colcon.colcon_core.verb:Building package 'lab' with the following arguments: {'ament_cmake_args': None, 'build_base': '/home/sumukha/lab/build/lab', 'catkin_cmake_args': None, 'catkin_skip_building_tests': False, 'cmake_args': None, 'cmake_clean_cache': False, 'cmake_clean_first': False, 'cmake_force_configure': False, 'cmake_target': None, 'cmake_target_skip_unavailable': False, 'install_base': '/home/sumukha/lab/install/lab', 'merge_install': False, 'path': '/home/sumukha/lab/src/lab', 'symlink_install': False, 'test_result_base': None}
[0.892s] INFO:colcon.colcon_core.executor:Executing jobs using 'parallel' executor
[0.899s] DEBUG:colcon.colcon_parallel_executor.executor.parallel:run_until_complete
[0.899s] INFO:colcon.colcon_ros.task.ament_python.build:Building ROS package in '/home/sumukha/lab/src/lab' with build type 'ament_python'
[0.900s] Level 1:colcon.colcon_core.shell:create_environment_hook('lab', 'ament_prefix_path')
[0.909s] INFO:colcon.colcon_core.plugin_system:Skipping extension 'colcon_core.shell.bat': Not used on non-Windows systems
[0.910s] INFO:colcon.colcon_core.shell:Creating environment hook '/home/sumukha/lab/install/lab/share/lab/hook/ament_prefix_path.ps1'
[0.911s] INFO:colcon.colcon_core.shell:Creating environment descriptor '/home/sumukha/lab/install/lab/share/lab/hook/ament_prefix_path.dsv'
[0.913s] INFO:colcon.colcon_core.shell:Creating environment hook '/home/sumukha/lab/install/lab/share/lab/hook/ament_prefix_path.sh'
[0.917s] INFO:colcon.colcon_core.shell:Skip shell extension 'powershell' for command environment: Not usable outside of PowerShell
[0.918s] DEBUG:colcon.colcon_core.shell:Skip shell extension 'dsv' for command environment
[1.490s] INFO:colcon.colcon_core.task.python.build:Building Python package in '/home/sumukha/lab/src/lab'
[1.493s] INFO:colcon.colcon_core.shell:Skip shell extension 'powershell' for command environment: Not usable outside of PowerShell
[1.494s] DEBUG:colcon.colcon_core.shell:Skip shell extension 'dsv' for command environment
[2.533s] DEBUG:colcon.colcon_core.event_handler.log_command:Invoking command in '/home/sumukha/lab/src/lab': PYTHONPATH=/home/sumukha/lab/build/lab/prefix_override:/home/sumukha/lab/install/lab/lib/python3.8/site-packages:${PYTHONPATH} /usr/bin/python3 setup.py egg_info --egg-base ../../build/lab build --build-base /home/sumukha/lab/build/lab/build install --record /home/sumukha/lab/build/lab/install.log --install-scripts $base/lib/lab --single-version-externally-managed
[3.260s] DEBUG:colcon.colcon_core.event_handler.log_command:Invoked command in '/home/sumukha/lab/src/lab' returned '0': PYTHONPATH=/home/sumukha/lab/build/lab/prefix_override:/home/sumukha/lab/install/lab/lib/python3.8/site-packages:${PYTHONPATH} /usr/bin/python3 setup.py egg_info --egg-base ../../build/lab build --build-base /home/sumukha/lab/build/lab/build install --record /home/sumukha/lab/build/lab/install.log --install-scripts $base/lib/lab --single-version-externally-managed
[3.269s] Level 1:colcon.colcon_core.environment:checking '/home/sumukha/lab/install/lab' for CMake module files
[3.270s] Level 1:colcon.colcon_core.environment:checking '/home/sumukha/lab/install/lab' for CMake config files
[3.272s] Level 1:colcon.colcon_core.environment:checking '/home/sumukha/lab/install/lab/lib'
[3.272s] Level 1:colcon.colcon_core.environment:checking '/home/sumukha/lab/install/lab/bin'
[3.272s] Level 1:colcon.colcon_core.environment:checking '/home/sumukha/lab/install/lab/lib/pkgconfig/lab.pc'
[3.272s] Level 1:colcon.colcon_core.environment:checking '/home/sumukha/lab/install/lab/lib/python3.8/site-packages'
[3.272s] Level 1:colcon.colcon_core.shell:create_environment_hook('lab', 'pythonpath')
[3.277s] INFO:colcon.colcon_core.shell:Creating environment hook '/home/sumukha/lab/install/lab/share/lab/hook/pythonpath.ps1'
[3.279s] INFO:colcon.colcon_core.shell:Creating environment descriptor '/home/sumukha/lab/install/lab/share/lab/hook/pythonpath.dsv'
[3.280s] INFO:colcon.colcon_core.shell:Creating environment hook '/home/sumukha/lab/install/lab/share/lab/hook/pythonpath.sh'
[3.281s] Level 1:colcon.colcon_core.environment:checking '/home/sumukha/lab/install/lab/bin'
[3.282s] Level 1:colcon.colcon_core.environment:create_environment_scripts_only(lab)
[3.285s] INFO:colcon.colcon_core.shell:Creating package script '/home/sumukha/lab/install/lab/share/lab/package.ps1'
[3.288s] INFO:colcon.colcon_core.shell:Creating package descriptor '/home/sumukha/lab/install/lab/share/lab/package.dsv'
[3.289s] INFO:colcon.colcon_core.shell:Creating package script '/home/sumukha/lab/install/lab/share/lab/package.sh'
[3.291s] INFO:colcon.colcon_core.shell:Creating package script '/home/sumukha/lab/install/lab/share/lab/package.bash'
[3.295s] INFO:colcon.colcon_core.shell:Creating package script '/home/sumukha/lab/install/lab/share/lab/package.zsh'
[3.298s] Level 1:colcon.colcon_core.environment:create_file_with_runtime_dependencies(/home/sumukha/lab/install/lab/share/colcon-core/packages/lab)
[3.299s] DEBUG:colcon.colcon_parallel_executor.executor.parallel:closing loop
[3.301s] DEBUG:colcon.colcon_parallel_executor.executor.parallel:loop closed
[3.301s] DEBUG:colcon.colcon_parallel_executor.executor.parallel:run_until_complete finished with '0'
[3.301s] DEBUG:colcon.colcon_core.event_reactor:joining thread
[3.329s] INFO:colcon.colcon_core.plugin_system:Skipping extension 'colcon_notification.desktop_notification.terminal_notifier': Not used on non-Darwin systems
[3.330s] INFO:colcon.colcon_core.plugin_system:Skipping extension 'colcon_notification.desktop_notification.win32': Not used on non-Windows systems
[3.330s] INFO:colcon.colcon_notification.desktop_notification:Sending desktop notification using 'notify2'
[3.397s] DEBUG:colcon.colcon_core.event_reactor:joined thread
[3.401s] INFO:colcon.colcon_core.shell:Creating prefix script '/home/sumukha/lab/install/local_setup.ps1'
[3.404s] INFO:colcon.colcon_core.shell:Creating prefix util module '/home/sumukha/lab/install/_local_setup_util_ps1.py'
[3.408s] INFO:colcon.colcon_core.shell:Creating prefix chain script '/home/sumukha/lab/install/setup.ps1'
[3.415s] INFO:colcon.colcon_core.shell:Creating prefix script '/home/sumukha/lab/install/local_setup.sh'
[3.416s] INFO:colcon.colcon_core.shell:Creating prefix util module '/home/sumukha/lab/install/_local_setup_util_sh.py'
[3.418s] INFO:colcon.colcon_core.shell:Creating prefix chain script '/home/sumukha/lab/install/setup.sh'
[3.427s] INFO:colcon.colcon_core.shell:Creating prefix script '/home/sumukha/lab/install/local_setup.bash'
[3.429s] INFO:colcon.colcon_core.shell:Creating prefix chain script '/home/sumukha/lab/install/setup.bash'
[3.435s] INFO:colcon.colcon_core.shell:Creating prefix script '/home/sumukha/lab/install/local_setup.zsh'
[3.437s] INFO:colcon.colcon_core.shell:Creating prefix chain script '/home/sumukha/lab/install/setup.zsh'
