[1.274s] DEBUG:colcon:Command line arguments: ['/usr/bin/colcon', 'build']
[1.274s] DEBUG:colcon:Parsed command line arguments: Namespace(allow_overriding=[], ament_cmake_args=None, base_paths=['.'], build_base='build', catkin_cmake_args=None, catkin_skip_building_tests=False, cmake_args=None, cmake_clean_cache=False, cmake_clean_first=False, cmake_force_configure=False, cmake_target=None, cmake_target_skip_unavailable=False, continue_on_error=False, event_handlers=None, executor='parallel', ignore_user_meta=False, install_base='install', log_base=None, log_level=None, main=<bound method BuildVerb.main of <colcon_core.verb.build.BuildVerb object at 0x7f0d95d10b80>>, merge_install=False, metas=['./colcon.meta'], packages_above=None, packages_above_and_dependencies=None, packages_above_depth=None, packages_end=None, packages_ignore=None, packages_ignore_regex=None, packages_select=None, packages_select_build_failed=False, packages_select_by_dep=None, packages_select_regex=None, packages_select_test_failures=False, packages_skip=None, packages_skip_build_finished=False, packages_skip_by_dep=None, packages_skip_regex=None, packages_skip_test_passed=False, packages_skip_up_to=None, packages_start=None, packages_up_to=None, packages_up_to_regex=None, parallel_workers=4, paths=None, symlink_install=False, test_result_base=None, verb_extension=<colcon_core.verb.build.BuildVerb object at 0x7f0d95d10b80>, verb_name='build', verb_parser=<colcon_defaults.argument_parser.defaults.DefaultArgumentsDecorator object at 0x7f0d95d1c130>)
[1.393s] Level 1:colcon.colcon_core.package_discovery:discover_packages(colcon_meta) check parameters
[1.394s] Level 1:colcon.colcon_core.package_discovery:discover_packages(recursive) check parameters
[1.394s] Level 1:colcon.colcon_core.package_discovery:discover_packages(ignore) check parameters
[1.394s] Level 1:colcon.colcon_core.package_discovery:discover_packages(path) check parameters
[1.394s] Level 1:colcon.colcon_core.package_discovery:discover_packages(colcon_meta) discover
[1.394s] Level 1:colcon.colcon_core.package_discovery:discover_packages(recursive) discover
[1.394s] INFO:colcon.colcon_core.package_discovery:Crawling recursively for packages in '/home/sumukha/lab'
[1.394s] Level 1:colcon.colcon_core.package_identification:_identify(.) by extensions ['ignore', 'ignore_ament_install']
[1.394s] Level 1:colcon.colcon_core.package_identification:_identify(.) by extension 'ignore'
[1.395s] Level 1:colcon.colcon_core.package_identification:_identify(.) by extension 'ignore_ament_install'
[1.395s] Level 1:colcon.colcon_core.package_identification:_identify(.) by extensions ['colcon_pkg']
[1.395s] Level 1:colcon.colcon_core.package_identification:_identify(.) by extension 'colcon_pkg'
[1.395s] Level 1:colcon.colcon_core.package_identification:_identify(.) by extensions ['colcon_meta']
[1.395s] Level 1:colcon.colcon_core.package_identification:_identify(.) by extension 'colcon_meta'
[1.395s] Level 1:colcon.colcon_core.package_identification:_identify(.) by extensions ['ros']
[1.395s] Level 1:colcon.colcon_core.package_identification:_identify(.) by extension 'ros'
[1.498s] Level 1:colcon.colcon_core.package_identification:_identify(.) by extensions ['cmake', 'python']
[1.498s] Level 1:colcon.colcon_core.package_identification:_identify(.) by extension 'cmake'
[1.498s] Level 1:colcon.colcon_core.package_identification:_identify(.) by extension 'python'
[1.498s] Level 1:colcon.colcon_core.package_identification:_identify(.) by extensions ['python_setup_py']
[1.498s] Level 1:colcon.colcon_core.package_identification:_identify(.) by extension 'python_setup_py'
[1.498s] Level 1:colcon.colcon_core.package_identification:_identify(build) by extensions ['ignore', 'ignore_ament_install']
[1.498s] Level 1:colcon.colcon_core.package_identification:_identify(build) by extension 'ignore'
[1.498s] Level 1:colcon.colcon_core.package_identification:_identify(build) ignored
[1.499s] Level 1:colcon.colcon_core.package_identification:_identify(install) by extensions ['ignore', 'ignore_ament_install']
[1.499s] Level 1:colcon.colcon_core.package_identification:_identify(install) by extension 'ignore'
[1.499s] Level 1:colcon.colcon_core.package_identification:_identify(install) ignored
[1.499s] Level 1:colcon.colcon_core.package_identification:_identify(log) by extensions ['ignore', 'ignore_ament_install']
[1.499s] Level 1:colcon.colcon_core.package_identification:_identify(log) by extension 'ignore'
[1.499s] Level 1:colcon.colcon_core.package_identification:_identify(log) ignored
[1.499s] Level 1:colcon.colcon_core.package_identification:_identify(src) by extensions ['ignore', 'ignore_ament_install']
[1.499s] Level 1:colcon.colcon_core.package_identification:_identify(src) by extension 'ignore'
[1.499s] Level 1:colcon.colcon_core.package_identification:_identify(src) by extension 'ignore_ament_install'
[1.499s] Level 1:colcon.colcon_core.package_identification:_identify(src) by extensions ['colcon_pkg']
[1.499s] Level 1:colcon.colcon_core.package_identification:_identify(src) by extension 'colcon_pkg'
[1.499s] Level 1:colcon.colcon_core.package_identification:_identify(src) by extensions ['colcon_meta']
[1.499s] Level 1:colcon.colcon_core.package_identification:_identify(src) by extension 'colcon_meta'
[1.500s] Level 1:colcon.colcon_core.package_identification:_identify(src) by extensions ['ros']
[1.500s] Level 1:colcon.colcon_core.package_identification:_identify(src) by extension 'ros'
[1.500s] Level 1:colcon.colcon_core.package_identification:_identify(src) by extensions ['cmake', 'python']
[1.500s] Level 1:colcon.colcon_core.package_identification:_identify(src) by extension 'cmake'
[1.500s] Level 1:colcon.colcon_core.package_identification:_identify(src) by extension 'python'
[1.500s] Level 1:colcon.colcon_core.package_identification:_identify(src) by extensions ['python_setup_py']
[1.500s] Level 1:colcon.colcon_core.package_identification:_identify(src) by extension 'python_setup_py'
[1.500s] Level 1:colcon.colcon_core.package_identification:_identify(src/lab) by extensions ['ignore', 'ignore_ament_install']
[1.500s] Level 1:colcon.colcon_core.package_identification:_identify(src/lab) by extension 'ignore'
[1.500s] Level 1:colcon.colcon_core.package_identification:_identify(src/lab) by extension 'ignore_ament_install'
[1.500s] Level 1:colcon.colcon_core.package_identification:_identify(src/lab) by extensions ['colcon_pkg']
[1.500s] Level 1:colcon.colcon_core.package_identification:_identify(src/lab) by extension 'colcon_pkg'
[1.500s] Level 1:colcon.colcon_core.package_identification:_identify(src/lab) by extensions ['colcon_meta']
[1.500s] Level 1:colcon.colcon_core.package_identification:_identify(src/lab) by extension 'colcon_meta'
[1.500s] Level 1:colcon.colcon_core.package_identification:_identify(src/lab) by extensions ['ros']
[1.500s] Level 1:colcon.colcon_core.package_identification:_identify(src/lab) by extension 'ros'
[1.509s] DEBUG:colcon.colcon_core.package_identification:Package 'src/lab' with type 'ros.ament_python' and name 'lab'
[1.509s] Level 1:colcon.colcon_core.package_discovery:discover_packages(recursive) using defaults
[1.509s] Level 1:colcon.colcon_core.package_discovery:discover_packages(ignore) discover
[1.509s] Level 1:colcon.colcon_core.package_discovery:discover_packages(ignore) using defaults
[1.509s] Level 1:colcon.colcon_core.package_discovery:discover_packages(path) discover
[1.509s] Level 1:colcon.colcon_core.package_discovery:discover_packages(path) using defaults
[1.581s] Level 1:colcon.colcon_core.package_discovery:discover_packages(prefix_path) check parameters
[1.581s] Level 1:colcon.colcon_core.package_discovery:discover_packages(prefix_path) discover
[1.599s] DEBUG:colcon.colcon_installed_package_information.package_discovery:Found 1 installed packages in /home/sumukha/lab/install
[1.604s] DEBUG:colcon.colcon_installed_package_information.package_discovery:Found 1 installed packages in /home/sumukha/six_arm/install
[1.615s] DEBUG:colcon.colcon_installed_package_information.package_discovery:Found 2 installed packages in /home/sumukha/line_follower_ROS2/install
[1.618s] DEBUG:colcon.colcon_installed_package_information.package_discovery:Found 1 installed packages in /home/sumukha/project/install
[1.622s] DEBUG:colcon.colcon_installed_package_information.package_discovery:Found 0 installed packages in /home/sumukha/colcon_ws/install
[1.629s] DEBUG:colcon.colcon_installed_package_information.package_discovery:Found 7 installed packages in /home/sumukha/ros2_tutorial/install
[1.640s] DEBUG:colcon.colcon_installed_package_information.package_discovery:Found 11 installed packages in /home/sumukha/turtlebot3_ws/install
[1.644s] DEBUG:colcon.colcon_installed_package_information.package_discovery:Found 1 installed packages in /home/sumukha/dev_ws/install
[1.649s] DEBUG:colcon.colcon_installed_package_information.package_discovery:Found 345 installed packages in /opt/ros/foxy
[1.653s] Level 1:colcon.colcon_core.package_discovery:discover_packages(prefix_path) using defaults
[2.043s] Level 5:colcon.colcon_core.verb:set package 'lab' build argument 'cmake_args' from command line to 'None'
[2.043s] Level 5:colcon.colcon_core.verb:set package 'lab' build argument 'cmake_target' from command line to 'None'
[2.043s] Level 5:colcon.colcon_core.verb:set package 'lab' build argument 'cmake_target_skip_unavailable' from command line to 'False'
[2.043s] Level 5:colcon.colcon_core.verb:set package 'lab' build argument 'cmake_clean_cache' from command line to 'False'
[2.043s] Level 5:colcon.colcon_core.verb:set package 'lab' build argument 'cmake_clean_first' from command line to 'False'
[2.043s] Level 5:colcon.colcon_core.verb:set package 'lab' build argument 'cmake_force_configure' from command line to 'False'
[2.043s] Level 5:colcon.colcon_core.verb:set package 'lab' build argument 'ament_cmake_args' from command line to 'None'
[2.043s] Level 5:colcon.colcon_core.verb:set package 'lab' build argument 'catkin_cmake_args' from command line to 'None'
[2.043s] Level 5:colcon.colcon_core.verb:set package 'lab' build argument 'catkin_skip_building_tests' from command line to 'False'
[2.043s] DEBUG:colcon.colcon_core.verb:Building package 'lab' with the following arguments: {'ament_cmake_args': None, 'build_base': '/home/sumukha/lab/build/lab', 'catkin_cmake_args': None, 'catkin_skip_building_tests': False, 'cmake_args': None, 'cmake_clean_cache': False, 'cmake_clean_first': False, 'cmake_force_configure': False, 'cmake_target': None, 'cmake_target_skip_unavailable': False, 'install_base': '/home/sumukha/lab/install/lab', 'merge_install': False, 'path': '/home/sumukha/lab/src/lab', 'symlink_install': False, 'test_result_base': None}
[2.046s] INFO:colcon.colcon_core.executor:Executing jobs using 'parallel' executor
[2.054s] DEBUG:colcon.colcon_parallel_executor.executor.parallel:run_until_complete
[2.055s] INFO:colcon.colcon_ros.task.ament_python.build:Building ROS package in '/home/sumukha/lab/src/lab' with build type 'ament_python'
[2.055s] Level 1:colcon.colcon_core.shell:create_environment_hook('lab', 'ament_prefix_path')
[2.077s] INFO:colcon.colcon_core.plugin_system:Skipping extension 'colcon_core.shell.bat': Not used on non-Windows systems
[2.077s] INFO:colcon.colcon_core.shell:Creating environment hook '/home/sumukha/lab/install/lab/share/lab/hook/ament_prefix_path.ps1'
[2.082s] INFO:colcon.colcon_core.shell:Creating environment descriptor '/home/sumukha/lab/install/lab/share/lab/hook/ament_prefix_path.dsv'
[2.084s] INFO:colcon.colcon_core.shell:Creating environment hook '/home/sumukha/lab/install/lab/share/lab/hook/ament_prefix_path.sh'
[2.089s] INFO:colcon.colcon_core.shell:Skip shell extension 'powershell' for command environment: Not usable outside of PowerShell
[2.089s] DEBUG:colcon.colcon_core.shell:Skip shell extension 'dsv' for command environment
[2.656s] INFO:colcon.colcon_core.task.python.build:Building Python package in '/home/sumukha/lab/src/lab'
[2.659s] INFO:colcon.colcon_core.shell:Skip shell extension 'powershell' for command environment: Not usable outside of PowerShell
[2.659s] DEBUG:colcon.colcon_core.shell:Skip shell extension 'dsv' for command environment
[3.845s] DEBUG:colcon.colcon_core.event_handler.log_command:Invoking command in '/home/sumukha/lab/src/lab': PYTHONPATH=/home/sumukha/lab/build/lab/prefix_override:/home/sumukha/lab/install/lab/lib/python3.8/site-packages:${PYTHONPATH} /usr/bin/python3 setup.py egg_info --egg-base ../../build/lab build --build-base /home/sumukha/lab/build/lab/build install --record /home/sumukha/lab/build/lab/install.log --install-scripts $base/lib/lab --single-version-externally-managed
[4.561s] DEBUG:colcon.colcon_core.event_handler.log_command:Invoked command in '/home/sumukha/lab/src/lab' returned '0': PYTHONPATH=/home/sumukha/lab/build/lab/prefix_override:/home/sumukha/lab/install/lab/lib/python3.8/site-packages:${PYTHONPATH} /usr/bin/python3 setup.py egg_info --egg-base ../../build/lab build --build-base /home/sumukha/lab/build/lab/build install --record /home/sumukha/lab/build/lab/install.log --install-scripts $base/lib/lab --single-version-externally-managed
[4.584s] Level 1:colcon.colcon_core.environment:checking '/home/sumukha/lab/install/lab' for CMake module files
[4.585s] Level 1:colcon.colcon_core.environment:checking '/home/sumukha/lab/install/lab' for CMake config files
[4.588s] Level 1:colcon.colcon_core.environment:checking '/home/sumukha/lab/install/lab/lib'
[4.589s] Level 1:colcon.colcon_core.environment:checking '/home/sumukha/lab/install/lab/bin'
[4.589s] Level 1:colcon.colcon_core.environment:checking '/home/sumukha/lab/install/lab/lib/pkgconfig/lab.pc'
[4.589s] Level 1:colcon.colcon_core.environment:checking '/home/sumukha/lab/install/lab/lib/python3.8/site-packages'
[4.589s] Level 1:colcon.colcon_core.shell:create_environment_hook('lab', 'pythonpath')
[4.596s] INFO:colcon.colcon_core.shell:Creating environment hook '/home/sumukha/lab/install/lab/share/lab/hook/pythonpath.ps1'
[4.598s] INFO:colcon.colcon_core.shell:Creating environment descriptor '/home/sumukha/lab/install/lab/share/lab/hook/pythonpath.dsv'
[4.600s] INFO:colcon.colcon_core.shell:Creating environment hook '/home/sumukha/lab/install/lab/share/lab/hook/pythonpath.sh'
[4.603s] Level 1:colcon.colcon_core.environment:checking '/home/sumukha/lab/install/lab/bin'
[4.603s] Level 1:colcon.colcon_core.environment:create_environment_scripts_only(lab)
[4.606s] INFO:colcon.colcon_core.shell:Creating package script '/home/sumukha/lab/install/lab/share/lab/package.ps1'
[4.612s] INFO:colcon.colcon_core.shell:Creating package descriptor '/home/sumukha/lab/install/lab/share/lab/package.dsv'
[4.615s] INFO:colcon.colcon_core.shell:Creating package script '/home/sumukha/lab/install/lab/share/lab/package.sh'
[4.617s] INFO:colcon.colcon_core.shell:Creating package script '/home/sumukha/lab/install/lab/share/lab/package.bash'
[4.621s] INFO:colcon.colcon_core.shell:Creating package script '/home/sumukha/lab/install/lab/share/lab/package.zsh'
[4.623s] Level 1:colcon.colcon_core.environment:create_file_with_runtime_dependencies(/home/sumukha/lab/install/lab/share/colcon-core/packages/lab)
[4.624s] DEBUG:colcon.colcon_parallel_executor.executor.parallel:closing loop
[4.627s] DEBUG:colcon.colcon_parallel_executor.executor.parallel:loop closed
[4.627s] DEBUG:colcon.colcon_parallel_executor.executor.parallel:run_until_complete finished with '0'
[4.627s] DEBUG:colcon.colcon_core.event_reactor:joining thread
[4.648s] INFO:colcon.colcon_core.plugin_system:Skipping extension 'colcon_notification.desktop_notification.terminal_notifier': Not used on non-Darwin systems
[4.648s] INFO:colcon.colcon_core.plugin_system:Skipping extension 'colcon_notification.desktop_notification.win32': Not used on non-Windows systems
[4.649s] INFO:colcon.colcon_notification.desktop_notification:Sending desktop notification using 'notify2'
[4.713s] DEBUG:colcon.colcon_core.event_reactor:joined thread
[4.716s] INFO:colcon.colcon_core.shell:Creating prefix script '/home/sumukha/lab/install/local_setup.ps1'
[4.720s] INFO:colcon.colcon_core.shell:Creating prefix util module '/home/sumukha/lab/install/_local_setup_util_ps1.py'
[4.726s] INFO:colcon.colcon_core.shell:Creating prefix chain script '/home/sumukha/lab/install/setup.ps1'
[4.733s] INFO:colcon.colcon_core.shell:Creating prefix script '/home/sumukha/lab/install/local_setup.sh'
[4.736s] INFO:colcon.colcon_core.shell:Creating prefix util module '/home/sumukha/lab/install/_local_setup_util_sh.py'
[4.738s] INFO:colcon.colcon_core.shell:Creating prefix chain script '/home/sumukha/lab/install/setup.sh'
[4.744s] INFO:colcon.colcon_core.shell:Creating prefix script '/home/sumukha/lab/install/local_setup.bash'
[4.750s] INFO:colcon.colcon_core.shell:Creating prefix chain script '/home/sumukha/lab/install/setup.bash'
[4.756s] INFO:colcon.colcon_core.shell:Creating prefix script '/home/sumukha/lab/install/local_setup.zsh'
[4.758s] INFO:colcon.colcon_core.shell:Creating prefix chain script '/home/sumukha/lab/install/setup.zsh'
